<?xml version="1.0" encoding="UTF-8"?>
<coverage generated="1680253830928" clover="3.2.0">
  <project timestamp="1680253830928" name="All files">
    <metrics statements="211" coveredstatements="211" conditionals="72" coveredconditionals="72" methods="32" coveredmethods="32" elements="315" coveredelements="315" complexity="0" loc="211" ncloc="211" packages="3" files="3" classes="3"/>
    <package name="$lib">
      <metrics statements="89" coveredstatements="89" conditionals="24" coveredconditionals="24" methods="6" coveredmethods="6"/>
      <file name="combinatorics.js" path="G:\@Projects\@JavaScript\$lib\combinatorics.js">
        <metrics statements="89" coveredstatements="89" conditionals="24" coveredconditionals="24" methods="6" coveredmethods="6"/>
        <line num="1" count="3" type="cond" truecount="1" falsecount="0"/>
        <line num="2" count="3" type="cond" truecount="1" falsecount="0"/>
        <line num="3" count="18" type="stmt"/>
        <line num="4" count="18" type="stmt"/>
        <line num="5" count="3" type="cond" truecount="1" falsecount="0"/>
        <line num="6" count="6" type="stmt"/>
        <line num="7" count="6" type="stmt"/>
        <line num="8" count="3" type="cond" truecount="1" falsecount="0"/>
        <line num="9" count="15" type="cond" truecount="1" falsecount="0"/>
        <line num="10" count="265" type="stmt"/>
        <line num="11" count="265" type="stmt"/>
        <line num="12" count="265" type="stmt"/>
        <line num="13" count="265" type="stmt"/>
        <line num="14" count="265" type="stmt"/>
        <line num="15" count="265" type="stmt"/>
        <line num="16" count="265" type="cond" truecount="1" falsecount="0"/>
        <line num="17" count="880" type="stmt"/>
        <line num="18" count="880" type="cond" truecount="1" falsecount="0"/>
        <line num="19" count="682" type="stmt"/>
        <line num="20" count="682" type="stmt"/>
        <line num="21" count="880" type="stmt"/>
        <line num="22" count="880" type="stmt"/>
        <line num="23" count="880" type="cond" truecount="1" falsecount="0"/>
        <line num="24" count="541" type="stmt"/>
        <line num="25" count="541" type="cond" truecount="1" falsecount="0"/>
        <line num="26" count="291" type="stmt"/>
        <line num="27" count="541" type="cond" truecount="1" falsecount="0"/>
        <line num="28" count="250" type="stmt"/>
        <line num="29" count="250" type="stmt"/>
        <line num="30" count="250" type="stmt"/>
        <line num="31" count="880" type="cond" truecount="1" falsecount="0"/>
        <line num="32" count="339" type="stmt"/>
        <line num="33" count="339" type="stmt"/>
        <line num="34" count="339" type="stmt"/>
        <line num="35" count="880" type="stmt"/>
        <line num="36" count="265" type="stmt"/>
        <line num="37" count="15" type="stmt"/>
        <line num="38" count="15" type="stmt"/>
        <line num="39" count="15" type="stmt"/>
        <line num="40" count="15" type="stmt"/>
        <line num="41" count="15" type="stmt"/>
        <line num="42" count="15" type="cond" truecount="1" falsecount="0"/>
        <line num="43" count="265" type="stmt"/>
        <line num="44" count="265" type="stmt"/>
        <line num="45" count="265" type="cond" truecount="1" falsecount="0"/>
        <line num="46" count="265" type="stmt"/>
        <line num="47" count="265" type="stmt"/>
        <line num="48" count="265" type="stmt"/>
        <line num="49" count="265" type="stmt"/>
        <line num="50" count="15" type="stmt"/>
        <line num="51" count="3" type="cond" truecount="1" falsecount="0"/>
        <line num="52" count="3" type="cond" truecount="1" falsecount="0"/>
        <line num="53" count="25" type="stmt"/>
        <line num="54" count="25" type="stmt"/>
        <line num="55" count="25" type="stmt"/>
        <line num="56" count="25" type="stmt"/>
        <line num="57" count="25" type="stmt"/>
        <line num="58" count="25" type="stmt"/>
        <line num="59" count="25" type="cond" truecount="1" falsecount="0"/>
        <line num="60" count="62" type="cond" truecount="2" falsecount="0"/>
        <line num="61" count="62" type="stmt"/>
        <line num="62" count="62" type="cond" truecount="1" falsecount="0"/>
        <line num="63" count="39" type="stmt"/>
        <line num="64" count="39" type="cond" truecount="1" falsecount="0"/>
        <line num="65" count="17" type="stmt"/>
        <line num="66" count="39" type="cond" truecount="1" falsecount="0"/>
        <line num="67" count="22" type="stmt"/>
        <line num="68" count="22" type="stmt"/>
        <line num="69" count="22" type="stmt"/>
        <line num="70" count="62" type="cond" truecount="1" falsecount="0"/>
        <line num="71" count="23" type="stmt"/>
        <line num="72" count="23" type="stmt"/>
        <line num="73" count="23" type="stmt"/>
        <line num="74" count="62" type="stmt"/>
        <line num="75" count="25" type="stmt"/>
        <line num="76" count="3" type="stmt"/>
        <line num="77" count="3" type="stmt"/>
        <line num="78" count="3" type="stmt"/>
        <line num="79" count="3" type="stmt"/>
        <line num="80" count="3" type="stmt"/>
        <line num="81" count="3" type="cond" truecount="1" falsecount="0"/>
        <line num="82" count="25" type="stmt"/>
        <line num="83" count="25" type="stmt"/>
        <line num="84" count="25" type="cond" truecount="1" falsecount="0"/>
        <line num="85" count="25" type="stmt"/>
        <line num="86" count="25" type="stmt"/>
        <line num="87" count="25" type="stmt"/>
        <line num="88" count="25" type="stmt"/>
        <line num="89" count="3" type="stmt"/>
      </file>
    </package>
    <package name="$lib.$adt">
      <metrics statements="40" coveredstatements="40" conditionals="19" coveredconditionals="19" methods="11" coveredmethods="11"/>
      <file name="priority-queue.js" path="G:\@Projects\@JavaScript\$lib\$adt\priority-queue.js">
        <metrics statements="40" coveredstatements="40" conditionals="19" coveredconditionals="19" methods="11" coveredmethods="11"/>
        <line num="1" count="1" type="cond" truecount="1" falsecount="0"/>
        <line num="2" count="508" type="cond" truecount="1" falsecount="0"/>
        <line num="3" count="508" type="stmt"/>
        <line num="4" count="508" type="stmt"/>
        <line num="5" count="508" type="cond" truecount="1" falsecount="0"/>
        <line num="6" count="508" type="stmt"/>
        <line num="7" count="508" type="stmt"/>
        <line num="8" count="508" type="stmt"/>
        <line num="9" count="508" type="stmt"/>
        <line num="10" count="1" type="cond" truecount="1" falsecount="0"/>
        <line num="11" count="32" type="stmt"/>
        <line num="12" count="32" type="cond" truecount="2" falsecount="0"/>
        <line num="13" count="32" type="stmt"/>
        <line num="14" count="32" type="cond" truecount="1" falsecount="0"/>
        <line num="15" count="770" type="cond" truecount="1" falsecount="0"/>
        <line num="16" count="339" type="cond" truecount="1" falsecount="0"/>
        <line num="17" count="32" type="stmt"/>
        <line num="18" count="32" type="stmt"/>
        <line num="19" count="32" type="cond" truecount="1" falsecount="0"/>
        <line num="20" count="652" type="stmt"/>
        <line num="21" count="652" type="stmt"/>
        <line num="22" count="32" type="cond" truecount="1" falsecount="0"/>
        <line num="23" count="6" type="cond" truecount="1" falsecount="0"/>
        <line num="24" count="6" type="stmt"/>
        <line num="25" count="32" type="stmt"/>
        <line num="26" count="32" type="cond" truecount="1" falsecount="0"/>
        <line num="27" count="508" type="stmt"/>
        <line num="28" count="508" type="stmt"/>
        <line num="29" count="32" type="cond" truecount="1" falsecount="0"/>
        <line num="30" count="512" type="cond" truecount="1" falsecount="0"/>
        <line num="31" count="512" type="stmt"/>
        <line num="32" count="32" type="stmt"/>
        <line num="33" count="32" type="stmt"/>
        <line num="34" count="1" type="stmt"/>
        <line num="35" count="1" type="cond" truecount="2" falsecount="0"/>
        <line num="36" count="14" type="cond" truecount="2" falsecount="0"/>
        <line num="37" count="14" type="stmt"/>
        <line num="38" count="1" type="stmt"/>
        <line num="39" count="1" type="stmt"/>
        <line num="40" count="1" type="stmt"/>
      </file>
    </package>
    <package name="$lib.$ds">
      <metrics statements="82" coveredstatements="82" conditionals="29" coveredconditionals="29" methods="15" coveredmethods="15"/>
      <file name="binary-heap.js" path="G:\@Projects\@JavaScript\$lib\$ds\binary-heap.js">
        <metrics statements="82" coveredstatements="82" conditionals="29" coveredconditionals="29" methods="15" coveredmethods="15"/>
        <line num="1" count="2" type="cond" truecount="2" falsecount="0"/>
        <line num="2" count="44" type="stmt"/>
        <line num="3" count="44" type="cond" truecount="2" falsecount="0"/>
        <line num="4" count="44" type="stmt"/>
        <line num="5" count="44" type="stmt"/>
        <line num="6" count="44" type="cond" truecount="1" falsecount="0"/>
        <line num="7" count="958" type="stmt"/>
        <line num="8" count="958" type="stmt"/>
        <line num="9" count="44" type="cond" truecount="1" falsecount="0"/>
        <line num="10" count="760" type="cond" truecount="1" falsecount="0"/>
        <line num="11" count="12" type="stmt"/>
        <line num="12" count="12" type="stmt"/>
        <line num="13" count="748" type="cond" truecount="1" falsecount="0"/>
        <line num="14" count="760" type="stmt"/>
        <line num="15" count="44" type="cond" truecount="1" falsecount="0"/>
        <line num="16" count="746" type="stmt"/>
        <line num="17" count="746" type="stmt"/>
        <line num="18" count="746" type="stmt"/>
        <line num="19" count="44" type="cond" truecount="1" falsecount="0"/>
        <line num="20" count="752" type="stmt"/>
        <line num="21" count="752" type="stmt"/>
        <line num="22" count="752" type="cond" truecount="1" falsecount="0"/>
        <line num="23" count="540" type="stmt"/>
        <line num="24" count="540" type="stmt"/>
        <line num="25" count="540" type="stmt"/>
        <line num="26" count="752" type="stmt"/>
        <line num="27" count="752" type="stmt"/>
        <line num="28" count="44" type="cond" truecount="1" falsecount="0"/>
        <line num="29" count="792" type="stmt"/>
        <line num="30" count="792" type="stmt"/>
        <line num="31" count="44" type="cond" truecount="1" falsecount="0"/>
        <line num="32" count="638" type="stmt"/>
        <line num="33" count="638" type="stmt"/>
        <line num="34" count="44" type="cond" truecount="1" falsecount="0"/>
        <line num="35" count="792" type="stmt"/>
        <line num="36" count="792" type="stmt"/>
        <line num="37" count="44" type="cond" truecount="1" falsecount="0"/>
        <line num="38" count="792" type="stmt"/>
        <line num="39" count="792" type="stmt"/>
        <line num="40" count="792" type="stmt"/>
        <line num="41" count="792" type="stmt"/>
        <line num="42" count="792" type="cond" truecount="1" falsecount="0"/>
        <line num="43" count="340" type="stmt"/>
        <line num="44" count="792" type="cond" truecount="1" falsecount="0"/>
        <line num="45" count="252" type="stmt"/>
        <line num="46" count="252" type="stmt"/>
        <line num="47" count="792" type="stmt"/>
        <line num="48" count="792" type="cond" truecount="1" falsecount="0"/>
        <line num="49" count="152" type="stmt"/>
        <line num="50" count="792" type="cond" truecount="1" falsecount="0"/>
        <line num="51" count="49" type="stmt"/>
        <line num="52" count="49" type="stmt"/>
        <line num="53" count="792" type="cond" truecount="1" falsecount="0"/>
        <line num="54" count="252" type="stmt"/>
        <line num="55" count="252" type="stmt"/>
        <line num="56" count="252" type="stmt"/>
        <line num="57" count="792" type="stmt"/>
        <line num="58" count="44" type="cond" truecount="1" falsecount="0"/>
        <line num="59" count="1042" type="cond" truecount="1" falsecount="0"/>
        <line num="60" count="404" type="stmt"/>
        <line num="61" count="404" type="stmt"/>
        <line num="62" count="638" type="cond" truecount="1" falsecount="0"/>
        <line num="63" count="1042" type="cond" truecount="1" falsecount="0"/>
        <line num="64" count="296" type="stmt"/>
        <line num="65" count="296" type="stmt"/>
        <line num="66" count="296" type="stmt"/>
        <line num="67" count="1042" type="stmt"/>
        <line num="68" count="44" type="cond" truecount="1" falsecount="0"/>
        <line num="69" count="548" type="stmt"/>
        <line num="70" count="548" type="stmt"/>
        <line num="71" count="548" type="stmt"/>
        <line num="72" count="548" type="stmt"/>
        <line num="73" count="548" type="stmt"/>
        <line num="74" count="44" type="stmt"/>
        <line num="75" count="44" type="stmt"/>
        <line num="76" count="2" type="stmt"/>
        <line num="77" count="2" type="cond" truecount="2" falsecount="0"/>
        <line num="78" count="6" type="cond" truecount="2" falsecount="0"/>
        <line num="79" count="6" type="stmt"/>
        <line num="80" count="2" type="stmt"/>
        <line num="81" count="2" type="stmt"/>
        <line num="82" count="2" type="stmt"/>
      </file>
    </package>
  </project>
</coverage>
