<?xml version="1.0" encoding="UTF-8"?>
<coverage generated="1717218420405" clover="3.2.0">
  <project timestamp="1717218420406" name="All files">
    <metrics statements="197" coveredstatements="197" conditionals="72" coveredconditionals="72" methods="32" coveredmethods="32" elements="301" coveredelements="301" complexity="0" loc="197" ncloc="197" packages="3" files="3" classes="3"/>
    <package name="$lib">
      <metrics statements="89" coveredstatements="89" conditionals="24" coveredconditionals="24" methods="6" coveredmethods="6"/>
      <file name="combinatorics.js" path="C:\Code\-- Library\JavaScript\$lib\combinatorics.js">
        <metrics statements="89" coveredstatements="89" conditionals="24" coveredconditionals="24" methods="6" coveredmethods="6"/>
        <line num="1" count="6" type="cond" truecount="1" falsecount="0"/>
        <line num="2" count="6" type="cond" truecount="1" falsecount="0"/>
        <line num="3" count="36" type="stmt"/>
        <line num="4" count="36" type="stmt"/>
        <line num="5" count="6" type="cond" truecount="1" falsecount="0"/>
        <line num="6" count="12" type="stmt"/>
        <line num="7" count="12" type="stmt"/>
        <line num="8" count="6" type="cond" truecount="1" falsecount="0"/>
        <line num="9" count="30" type="cond" truecount="1" falsecount="0"/>
        <line num="10" count="530" type="stmt"/>
        <line num="11" count="530" type="stmt"/>
        <line num="12" count="530" type="stmt"/>
        <line num="13" count="530" type="stmt"/>
        <line num="14" count="530" type="stmt"/>
        <line num="15" count="530" type="stmt"/>
        <line num="16" count="530" type="cond" truecount="1" falsecount="0"/>
        <line num="17" count="1760" type="stmt"/>
        <line num="18" count="1760" type="cond" truecount="1" falsecount="0"/>
        <line num="19" count="1364" type="stmt"/>
        <line num="20" count="1364" type="stmt"/>
        <line num="21" count="1760" type="stmt"/>
        <line num="22" count="1760" type="stmt"/>
        <line num="23" count="1760" type="cond" truecount="1" falsecount="0"/>
        <line num="24" count="1082" type="stmt"/>
        <line num="25" count="1082" type="cond" truecount="1" falsecount="0"/>
        <line num="26" count="582" type="stmt"/>
        <line num="27" count="1082" type="cond" truecount="1" falsecount="0"/>
        <line num="28" count="500" type="stmt"/>
        <line num="29" count="500" type="stmt"/>
        <line num="30" count="500" type="stmt"/>
        <line num="31" count="1760" type="cond" truecount="1" falsecount="0"/>
        <line num="32" count="678" type="stmt"/>
        <line num="33" count="678" type="stmt"/>
        <line num="34" count="678" type="stmt"/>
        <line num="35" count="1760" type="stmt"/>
        <line num="36" count="530" type="stmt"/>
        <line num="37" count="30" type="stmt"/>
        <line num="38" count="30" type="stmt"/>
        <line num="39" count="30" type="stmt"/>
        <line num="40" count="30" type="stmt"/>
        <line num="41" count="30" type="stmt"/>
        <line num="42" count="30" type="cond" truecount="1" falsecount="0"/>
        <line num="43" count="530" type="stmt"/>
        <line num="44" count="530" type="stmt"/>
        <line num="45" count="530" type="cond" truecount="1" falsecount="0"/>
        <line num="46" count="530" type="stmt"/>
        <line num="47" count="530" type="stmt"/>
        <line num="48" count="530" type="stmt"/>
        <line num="49" count="530" type="stmt"/>
        <line num="50" count="30" type="stmt"/>
        <line num="51" count="6" type="cond" truecount="1" falsecount="0"/>
        <line num="52" count="6" type="cond" truecount="1" falsecount="0"/>
        <line num="53" count="50" type="stmt"/>
        <line num="54" count="50" type="stmt"/>
        <line num="55" count="50" type="stmt"/>
        <line num="56" count="50" type="stmt"/>
        <line num="57" count="50" type="stmt"/>
        <line num="58" count="50" type="stmt"/>
        <line num="59" count="50" type="cond" truecount="1" falsecount="0"/>
        <line num="60" count="124" type="cond" truecount="2" falsecount="0"/>
        <line num="61" count="124" type="stmt"/>
        <line num="62" count="124" type="cond" truecount="1" falsecount="0"/>
        <line num="63" count="78" type="stmt"/>
        <line num="64" count="78" type="cond" truecount="1" falsecount="0"/>
        <line num="65" count="34" type="stmt"/>
        <line num="66" count="78" type="cond" truecount="1" falsecount="0"/>
        <line num="67" count="44" type="stmt"/>
        <line num="68" count="44" type="stmt"/>
        <line num="69" count="44" type="stmt"/>
        <line num="70" count="124" type="cond" truecount="1" falsecount="0"/>
        <line num="71" count="46" type="stmt"/>
        <line num="72" count="46" type="stmt"/>
        <line num="73" count="46" type="stmt"/>
        <line num="74" count="124" type="stmt"/>
        <line num="75" count="50" type="stmt"/>
        <line num="76" count="6" type="stmt"/>
        <line num="77" count="6" type="stmt"/>
        <line num="78" count="6" type="stmt"/>
        <line num="79" count="6" type="stmt"/>
        <line num="80" count="6" type="stmt"/>
        <line num="81" count="6" type="cond" truecount="1" falsecount="0"/>
        <line num="82" count="50" type="stmt"/>
        <line num="83" count="50" type="stmt"/>
        <line num="84" count="50" type="cond" truecount="1" falsecount="0"/>
        <line num="85" count="50" type="stmt"/>
        <line num="86" count="50" type="stmt"/>
        <line num="87" count="50" type="stmt"/>
        <line num="88" count="50" type="stmt"/>
        <line num="89" count="6" type="stmt"/>
      </file>
    </package>
    <package name="$lib.$adt">
      <metrics statements="36" coveredstatements="36" conditionals="19" coveredconditionals="19" methods="11" coveredmethods="11"/>
      <file name="priority-queue.js" path="C:\Code\-- Library\JavaScript\$lib\$adt\priority-queue.js">
        <metrics statements="36" coveredstatements="36" conditionals="19" coveredconditionals="19" methods="11" coveredmethods="11"/>
        <line num="1" count="2" type="cond" truecount="1" falsecount="0"/>
        <line num="2" count="1016" type="cond" truecount="1" falsecount="0"/>
        <line num="3" count="1016" type="stmt"/>
        <line num="4" count="1016" type="stmt"/>
        <line num="5" count="1016" type="cond" truecount="1" falsecount="0"/>
        <line num="6" count="1016" type="stmt"/>
        <line num="7" count="1016" type="stmt"/>
        <line num="8" count="1016" type="stmt"/>
        <line num="9" count="1016" type="stmt"/>
        <line num="10" count="2" type="cond" truecount="1" falsecount="0"/>
        <line num="11" count="64" type="stmt"/>
        <line num="12" count="64" type="cond" truecount="2" falsecount="0"/>
        <line num="13" count="64" type="stmt"/>
        <line num="14" count="64" type="cond" truecount="3" falsecount="0"/>
        <line num="15" count="64" type="stmt"/>
        <line num="16" count="64" type="cond" truecount="1" falsecount="0"/>
        <line num="17" count="1304" type="stmt"/>
        <line num="18" count="1304" type="stmt"/>
        <line num="19" count="64" type="cond" truecount="1" falsecount="0"/>
        <line num="20" count="12" type="cond" truecount="1" falsecount="0"/>
        <line num="21" count="12" type="stmt"/>
        <line num="22" count="64" type="stmt"/>
        <line num="23" count="64" type="cond" truecount="1" falsecount="0"/>
        <line num="24" count="1016" type="stmt"/>
        <line num="25" count="1016" type="stmt"/>
        <line num="26" count="64" type="cond" truecount="1" falsecount="0"/>
        <line num="27" count="1024" type="cond" truecount="1" falsecount="0"/>
        <line num="28" count="1024" type="stmt"/>
        <line num="29" count="64" type="stmt"/>
        <line num="30" count="64" type="stmt"/>
        <line num="31" count="2" type="stmt"/>
        <line num="32" count="2" type="cond" truecount="2" falsecount="0"/>
        <line num="33" count="28" type="cond" truecount="2" falsecount="0"/>
        <line num="34" count="28" type="stmt"/>
        <line num="35" count="2" type="stmt"/>
        <line num="36" count="2" type="stmt"/>
      </file>
    </package>
    <package name="$lib.$ds">
      <metrics statements="72" coveredstatements="72" conditionals="29" coveredconditionals="29" methods="15" coveredmethods="15"/>
      <file name="binary-heap.js" path="C:\Code\-- Library\JavaScript\$lib\$ds\binary-heap.js">
        <metrics statements="72" coveredstatements="72" conditionals="29" coveredconditionals="29" methods="15" coveredmethods="15"/>
        <line num="1" count="4" type="cond" truecount="2" falsecount="0"/>
        <line num="2" count="88" type="stmt"/>
        <line num="3" count="88" type="cond" truecount="2" falsecount="0"/>
        <line num="4" count="88" type="stmt"/>
        <line num="5" count="88" type="stmt"/>
        <line num="6" count="88" type="cond" truecount="1" falsecount="0"/>
        <line num="7" count="1916" type="stmt"/>
        <line num="8" count="1916" type="stmt"/>
        <line num="9" count="88" type="cond" truecount="1" falsecount="0"/>
        <line num="10" count="1520" type="cond" truecount="1" falsecount="0"/>
        <line num="11" count="24" type="stmt"/>
        <line num="12" count="24" type="stmt"/>
        <line num="13" count="1496" type="cond" truecount="1" falsecount="0"/>
        <line num="14" count="1520" type="stmt"/>
        <line num="15" count="88" type="cond" truecount="1" falsecount="0"/>
        <line num="16" count="1492" type="stmt"/>
        <line num="17" count="1492" type="stmt"/>
        <line num="18" count="1492" type="stmt"/>
        <line num="19" count="88" type="cond" truecount="1" falsecount="0"/>
        <line num="20" count="1504" type="stmt"/>
        <line num="21" count="1504" type="stmt"/>
        <line num="22" count="1504" type="cond" truecount="1" falsecount="0"/>
        <line num="23" count="1080" type="stmt"/>
        <line num="24" count="1080" type="stmt"/>
        <line num="25" count="1080" type="stmt"/>
        <line num="26" count="1504" type="stmt"/>
        <line num="27" count="1504" type="stmt"/>
        <line num="28" count="88" type="cond" truecount="1" falsecount="0"/>
        <line num="29" count="1584" type="stmt"/>
        <line num="30" count="1584" type="stmt"/>
        <line num="31" count="88" type="cond" truecount="1" falsecount="0"/>
        <line num="32" count="1276" type="stmt"/>
        <line num="33" count="1276" type="stmt"/>
        <line num="34" count="88" type="cond" truecount="1" falsecount="0"/>
        <line num="35" count="1584" type="stmt"/>
        <line num="36" count="1584" type="stmt"/>
        <line num="37" count="88" type="cond" truecount="1" falsecount="0"/>
        <line num="38" count="1584" type="stmt"/>
        <line num="39" count="1584" type="stmt"/>
        <line num="40" count="1584" type="stmt"/>
        <line num="41" count="1584" type="cond" truecount="2" falsecount="0"/>
        <line num="42" count="504" type="stmt"/>
        <line num="43" count="504" type="stmt"/>
        <line num="44" count="1584" type="cond" truecount="2" falsecount="0"/>
        <line num="45" count="98" type="stmt"/>
        <line num="46" count="98" type="stmt"/>
        <line num="47" count="1584" type="cond" truecount="1" falsecount="0"/>
        <line num="48" count="504" type="stmt"/>
        <line num="49" count="504" type="stmt"/>
        <line num="50" count="504" type="stmt"/>
        <line num="51" count="1584" type="stmt"/>
        <line num="52" count="88" type="cond" truecount="1" falsecount="0"/>
        <line num="53" count="2084" type="cond" truecount="1" falsecount="0"/>
        <line num="54" count="808" type="stmt"/>
        <line num="55" count="808" type="stmt"/>
        <line num="56" count="1276" type="cond" truecount="1" falsecount="0"/>
        <line num="57" count="2084" type="cond" truecount="1" falsecount="0"/>
        <line num="58" count="592" type="stmt"/>
        <line num="59" count="592" type="stmt"/>
        <line num="60" count="592" type="stmt"/>
        <line num="61" count="2084" type="stmt"/>
        <line num="62" count="88" type="cond" truecount="1" falsecount="0"/>
        <line num="63" count="1096" type="stmt"/>
        <line num="64" count="1096" type="stmt"/>
        <line num="65" count="88" type="stmt"/>
        <line num="66" count="88" type="stmt"/>
        <line num="67" count="4" type="stmt"/>
        <line num="68" count="4" type="cond" truecount="2" falsecount="0"/>
        <line num="69" count="12" type="cond" truecount="2" falsecount="0"/>
        <line num="70" count="12" type="stmt"/>
        <line num="71" count="4" type="stmt"/>
        <line num="72" count="4" type="stmt"/>
      </file>
    </package>
  </project>
</coverage>
