{"C:\\Code\\-- Library\\JavaScript\\$lib\\combinatorics.js": {"path":"C:\\Code\\-- Library\\JavaScript\\$lib\\combinatorics.js","all":false,"statementMap":{"0":{"start":{"line":1,"column":0},"end":{"line":1,"column":42}},"1":{"start":{"line":2,"column":0},"end":{"line":2,"column":27}},"2":{"start":{"line":3,"column":0},"end":{"line":3,"column":41}},"3":{"start":{"line":4,"column":0},"end":{"line":4,"column":1}},"4":{"start":{"line":5,"column":0},"end":{"line":5,"column":27}},"5":{"start":{"line":6,"column":0},"end":{"line":6,"column":58}},"6":{"start":{"line":7,"column":0},"end":{"line":7,"column":1}},"7":{"start":{"line":8,"column":0},"end":{"line":8,"column":50}},"8":{"start":{"line":9,"column":0},"end":{"line":9,"column":41}},"9":{"start":{"line":10,"column":0},"end":{"line":10,"column":28}},"10":{"start":{"line":11,"column":0},"end":{"line":11,"column":36}},"11":{"start":{"line":12,"column":0},"end":{"line":12,"column":27}},"12":{"start":{"line":13,"column":0},"end":{"line":13,"column":20}},"13":{"start":{"line":14,"column":0},"end":{"line":14,"column":21}},"14":{"start":{"line":15,"column":0},"end":{"line":15,"column":17}},"15":{"start":{"line":16,"column":0},"end":{"line":16,"column":20}},"16":{"start":{"line":17,"column":0},"end":{"line":17,"column":57}},"17":{"start":{"line":18,"column":0},"end":{"line":18,"column":56}},"18":{"start":{"line":19,"column":0},"end":{"line":19,"column":40}},"19":{"start":{"line":20,"column":0},"end":{"line":20,"column":7}},"20":{"start":{"line":21,"column":0},"end":{"line":21,"column":20}},"21":{"start":{"line":22,"column":0},"end":{"line":22,"column":46}},"22":{"start":{"line":23,"column":0},"end":{"line":23,"column":29}},"23":{"start":{"line":24,"column":0},"end":{"line":24,"column":41}},"24":{"start":{"line":25,"column":0},"end":{"line":25,"column":35}},"25":{"start":{"line":26,"column":0},"end":{"line":26,"column":25}},"26":{"start":{"line":27,"column":0},"end":{"line":27,"column":16}},"27":{"start":{"line":28,"column":0},"end":{"line":28,"column":17}},"28":{"start":{"line":29,"column":0},"end":{"line":29,"column":16}},"29":{"start":{"line":30,"column":0},"end":{"line":30,"column":9}},"30":{"start":{"line":31,"column":0},"end":{"line":31,"column":14}},"31":{"start":{"line":32,"column":0},"end":{"line":32,"column":48}},"32":{"start":{"line":33,"column":0},"end":{"line":33,"column":23}},"33":{"start":{"line":34,"column":0},"end":{"line":34,"column":7}},"34":{"start":{"line":35,"column":0},"end":{"line":35,"column":5}},"35":{"start":{"line":36,"column":0},"end":{"line":36,"column":3}},"36":{"start":{"line":37,"column":0},"end":{"line":37,"column":24}},"37":{"start":{"line":38,"column":0},"end":{"line":38,"column":27}},"38":{"start":{"line":39,"column":0},"end":{"line":39,"column":37}},"39":{"start":{"line":40,"column":0},"end":{"line":40,"column":52}},"40":{"start":{"line":41,"column":0},"end":{"line":41,"column":51}},"41":{"start":{"line":42,"column":0},"end":{"line":42,"column":46}},"42":{"start":{"line":43,"column":0},"end":{"line":43,"column":29}},"43":{"start":{"line":44,"column":0},"end":{"line":44,"column":37}},"44":{"start":{"line":45,"column":0},"end":{"line":45,"column":55}},"45":{"start":{"line":46,"column":0},"end":{"line":46,"column":28}},"46":{"start":{"line":47,"column":0},"end":{"line":47,"column":35}},"47":{"start":{"line":48,"column":0},"end":{"line":48,"column":3}},"48":{"start":{"line":49,"column":0},"end":{"line":49,"column":22}},"49":{"start":{"line":50,"column":0},"end":{"line":50,"column":1}},"50":{"start":{"line":51,"column":0},"end":{"line":51,"column":50}},"51":{"start":{"line":52,"column":0},"end":{"line":52,"column":41}},"52":{"start":{"line":53,"column":0},"end":{"line":53,"column":28}},"53":{"start":{"line":54,"column":0},"end":{"line":54,"column":36}},"54":{"start":{"line":55,"column":0},"end":{"line":55,"column":27}},"55":{"start":{"line":56,"column":0},"end":{"line":56,"column":20}},"56":{"start":{"line":57,"column":0},"end":{"line":57,"column":21}},"57":{"start":{"line":58,"column":0},"end":{"line":58,"column":17}},"58":{"start":{"line":59,"column":0},"end":{"line":59,"column":20}},"59":{"start":{"line":60,"column":0},"end":{"line":60,"column":48}},"60":{"start":{"line":61,"column":0},"end":{"line":61,"column":46}},"61":{"start":{"line":62,"column":0},"end":{"line":62,"column":29}},"62":{"start":{"line":63,"column":0},"end":{"line":63,"column":41}},"63":{"start":{"line":64,"column":0},"end":{"line":64,"column":35}},"64":{"start":{"line":65,"column":0},"end":{"line":65,"column":42}},"65":{"start":{"line":66,"column":0},"end":{"line":66,"column":16}},"66":{"start":{"line":67,"column":0},"end":{"line":67,"column":17}},"67":{"start":{"line":68,"column":0},"end":{"line":68,"column":16}},"68":{"start":{"line":69,"column":0},"end":{"line":69,"column":9}},"69":{"start":{"line":70,"column":0},"end":{"line":70,"column":14}},"70":{"start":{"line":71,"column":0},"end":{"line":71,"column":48}},"71":{"start":{"line":72,"column":0},"end":{"line":72,"column":23}},"72":{"start":{"line":73,"column":0},"end":{"line":73,"column":7}},"73":{"start":{"line":74,"column":0},"end":{"line":74,"column":5}},"74":{"start":{"line":75,"column":0},"end":{"line":75,"column":3}},"75":{"start":{"line":76,"column":0},"end":{"line":76,"column":28}},"76":{"start":{"line":77,"column":0},"end":{"line":77,"column":27}},"77":{"start":{"line":78,"column":0},"end":{"line":78,"column":37}},"78":{"start":{"line":79,"column":0},"end":{"line":79,"column":52}},"79":{"start":{"line":80,"column":0},"end":{"line":80,"column":51}},"80":{"start":{"line":81,"column":0},"end":{"line":81,"column":46}},"81":{"start":{"line":82,"column":0},"end":{"line":82,"column":29}},"82":{"start":{"line":83,"column":0},"end":{"line":83,"column":37}},"83":{"start":{"line":84,"column":0},"end":{"line":84,"column":55}},"84":{"start":{"line":85,"column":0},"end":{"line":85,"column":28}},"85":{"start":{"line":86,"column":0},"end":{"line":86,"column":35}},"86":{"start":{"line":87,"column":0},"end":{"line":87,"column":3}},"87":{"start":{"line":88,"column":0},"end":{"line":88,"column":22}},"88":{"start":{"line":89,"column":0},"end":{"line":89,"column":1}}},"s":{"0":6,"1":6,"2":36,"3":36,"4":6,"5":12,"6":12,"7":6,"8":30,"9":530,"10":530,"11":530,"12":530,"13":530,"14":530,"15":530,"16":1760,"17":1760,"18":1364,"19":1364,"20":1760,"21":1760,"22":1760,"23":1082,"24":1082,"25":582,"26":1082,"27":500,"28":500,"29":500,"30":1760,"31":678,"32":678,"33":678,"34":1760,"35":530,"36":30,"37":30,"38":30,"39":30,"40":30,"41":30,"42":530,"43":530,"44":530,"45":530,"46":530,"47":530,"48":530,"49":30,"50":6,"51":6,"52":50,"53":50,"54":50,"55":50,"56":50,"57":50,"58":50,"59":124,"60":124,"61":124,"62":78,"63":78,"64":34,"65":78,"66":44,"67":44,"68":44,"69":124,"70":46,"71":46,"72":46,"73":124,"74":50,"75":6,"76":6,"77":6,"78":6,"79":6,"80":6,"81":50,"82":50,"83":50,"84":50,"85":50,"86":50,"87":50,"88":6},"branchMap":{"0":{"type":"branch","line":1,"loc":{"start":{"line":1,"column":0},"end":{"line":89,"column":1}},"locations":[{"start":{"line":1,"column":0},"end":{"line":89,"column":1}}]},"1":{"type":"branch","line":2,"loc":{"start":{"line":2,"column":7},"end":{"line":4,"column":1}},"locations":[{"start":{"line":2,"column":7},"end":{"line":4,"column":1}}]},"2":{"type":"branch","line":5,"loc":{"start":{"line":5,"column":7},"end":{"line":7,"column":1}},"locations":[{"start":{"line":5,"column":7},"end":{"line":7,"column":1}}]},"3":{"type":"branch","line":8,"loc":{"start":{"line":8,"column":7},"end":{"line":50,"column":1}},"locations":[{"start":{"line":8,"column":7},"end":{"line":50,"column":1}}]},"4":{"type":"branch","line":42,"loc":{"start":{"line":42,"column":45},"end":{"line":50,"column":0}},"locations":[{"start":{"line":42,"column":45},"end":{"line":50,"column":0}}]},"5":{"type":"branch","line":9,"loc":{"start":{"line":9,"column":2},"end":{"line":36,"column":3}},"locations":[{"start":{"line":9,"column":2},"end":{"line":36,"column":3}}]},"6":{"type":"branch","line":16,"loc":{"start":{"line":16,"column":19},"end":{"line":35,"column":5}},"locations":[{"start":{"line":16,"column":19},"end":{"line":35,"column":5}}]},"7":{"type":"branch","line":18,"loc":{"start":{"line":18,"column":55},"end":{"line":20,"column":7}},"locations":[{"start":{"line":18,"column":55},"end":{"line":20,"column":7}}]},"8":{"type":"branch","line":23,"loc":{"start":{"line":23,"column":28},"end":{"line":31,"column":7}},"locations":[{"start":{"line":23,"column":28},"end":{"line":31,"column":7}}]},"9":{"type":"branch","line":25,"loc":{"start":{"line":25,"column":34},"end":{"line":27,"column":9}},"locations":[{"start":{"line":25,"column":34},"end":{"line":27,"column":9}}]},"10":{"type":"branch","line":27,"loc":{"start":{"line":27,"column":9},"end":{"line":30,"column":9}},"locations":[{"start":{"line":27,"column":9},"end":{"line":30,"column":9}}]},"11":{"type":"branch","line":31,"loc":{"start":{"line":31,"column":7},"end":{"line":34,"column":7}},"locations":[{"start":{"line":31,"column":7},"end":{"line":34,"column":7}}]},"12":{"type":"branch","line":45,"loc":{"start":{"line":45,"column":36},"end":{"line":45,"column":53}},"locations":[{"start":{"line":45,"column":36},"end":{"line":45,"column":53}}]},"13":{"type":"branch","line":51,"loc":{"start":{"line":51,"column":7},"end":{"line":89,"column":1}},"locations":[{"start":{"line":51,"column":7},"end":{"line":89,"column":1}}]},"14":{"type":"branch","line":81,"loc":{"start":{"line":81,"column":45},"end":{"line":89,"column":0}},"locations":[{"start":{"line":81,"column":45},"end":{"line":89,"column":0}}]},"15":{"type":"branch","line":52,"loc":{"start":{"line":52,"column":2},"end":{"line":75,"column":3}},"locations":[{"start":{"line":52,"column":2},"end":{"line":75,"column":3}}]},"16":{"type":"branch","line":59,"loc":{"start":{"line":59,"column":19},"end":{"line":74,"column":5}},"locations":[{"start":{"line":59,"column":19},"end":{"line":74,"column":5}}]},"17":{"type":"branch","line":60,"loc":{"start":{"line":60,"column":27},"end":{"line":60,"column":43}},"locations":[{"start":{"line":60,"column":27},"end":{"line":60,"column":43}}]},"18":{"type":"branch","line":60,"loc":{"start":{"line":60,"column":44},"end":{"line":60,"column":47}},"locations":[{"start":{"line":60,"column":44},"end":{"line":60,"column":47}}]},"19":{"type":"branch","line":62,"loc":{"start":{"line":62,"column":28},"end":{"line":70,"column":7}},"locations":[{"start":{"line":62,"column":28},"end":{"line":70,"column":7}}]},"20":{"type":"branch","line":64,"loc":{"start":{"line":64,"column":34},"end":{"line":66,"column":9}},"locations":[{"start":{"line":64,"column":34},"end":{"line":66,"column":9}}]},"21":{"type":"branch","line":66,"loc":{"start":{"line":66,"column":9},"end":{"line":69,"column":9}},"locations":[{"start":{"line":66,"column":9},"end":{"line":69,"column":9}}]},"22":{"type":"branch","line":70,"loc":{"start":{"line":70,"column":7},"end":{"line":73,"column":7}},"locations":[{"start":{"line":70,"column":7},"end":{"line":73,"column":7}}]},"23":{"type":"branch","line":84,"loc":{"start":{"line":84,"column":36},"end":{"line":84,"column":53}},"locations":[{"start":{"line":84,"column":36},"end":{"line":84,"column":53}}]}},"b":{"0":[6],"1":[36],"2":[12],"3":[30],"4":[530],"5":[530],"6":[1760],"7":[1364],"8":[1082],"9":[582],"10":[500],"11":[678],"12":[1818],"13":[6],"14":[50],"15":[50],"16":[124],"17":[48],"18":[76],"19":[78],"20":[34],"21":[44],"22":[46],"23":[110]},"fnMap":{"0":{"name":"nPr","decl":{"start":{"line":2,"column":7},"end":{"line":4,"column":1}},"loc":{"start":{"line":2,"column":7},"end":{"line":4,"column":1}},"line":2},"1":{"name":"nCr","decl":{"start":{"line":5,"column":7},"end":{"line":7,"column":1}},"loc":{"start":{"line":5,"column":7},"end":{"line":7,"column":1}},"line":5},"2":{"name":"nChooseRPermutations","decl":{"start":{"line":8,"column":7},"end":{"line":50,"column":1}},"loc":{"start":{"line":8,"column":7},"end":{"line":50,"column":1}},"line":8},"3":{"name":"incrementIndices","decl":{"start":{"line":9,"column":2},"end":{"line":36,"column":3}},"loc":{"start":{"line":9,"column":2},"end":{"line":36,"column":3}},"line":9},"4":{"name":"nChooseRCombinations","decl":{"start":{"line":51,"column":7},"end":{"line":89,"column":1}},"loc":{"start":{"line":51,"column":7},"end":{"line":89,"column":1}},"line":51},"5":{"name":"incrementIndices","decl":{"start":{"line":52,"column":2},"end":{"line":75,"column":3}},"loc":{"start":{"line":52,"column":2},"end":{"line":75,"column":3}},"line":52}},"f":{"0":36,"1":12,"2":30,"3":530,"4":6,"5":50}}
,"C:\\Code\\-- Library\\JavaScript\\$lib\\$adt\\priority-queue.js": {"path":"C:\\Code\\-- Library\\JavaScript\\$lib\\$adt\\priority-queue.js","all":false,"statementMap":{"0":{"start":{"line":1,"column":0},"end":{"line":1,"column":51}},"1":{"start":{"line":2,"column":0},"end":{"line":2,"column":13}},"2":{"start":{"line":3,"column":0},"end":{"line":3,"column":6}},"3":{"start":{"line":4,"column":0},"end":{"line":4,"column":7}},"4":{"start":{"line":5,"column":0},"end":{"line":5,"column":26}},"5":{"start":{"line":6,"column":0},"end":{"line":6,"column":19}},"6":{"start":{"line":7,"column":0},"end":{"line":7,"column":21}},"7":{"start":{"line":8,"column":0},"end":{"line":8,"column":3}},"8":{"start":{"line":9,"column":0},"end":{"line":9,"column":1}},"9":{"start":{"line":10,"column":0},"end":{"line":10,"column":28}},"10":{"start":{"line":11,"column":0},"end":{"line":11,"column":12}},"11":{"start":{"line":12,"column":0},"end":{"line":12,"column":44}},"12":{"start":{"line":13,"column":0},"end":{"line":13,"column":31}},"13":{"start":{"line":14,"column":0},"end":{"line":14,"column":128}},"14":{"start":{"line":15,"column":0},"end":{"line":15,"column":3}},"15":{"start":{"line":16,"column":0},"end":{"line":16,"column":16}},"16":{"start":{"line":17,"column":0},"end":{"line":17,"column":29}},"17":{"start":{"line":18,"column":0},"end":{"line":18,"column":3}},"18":{"start":{"line":19,"column":0},"end":{"line":19,"column":13}},"19":{"start":{"line":20,"column":0},"end":{"line":20,"column":32}},"20":{"start":{"line":21,"column":0},"end":{"line":21,"column":3}},"21":{"start":{"line":22,"column":0},"end":{"line":22,"column":10}},"22":{"start":{"line":23,"column":0},"end":{"line":23,"column":17}},"23":{"start":{"line":24,"column":0},"end":{"line":24,"column":52}},"24":{"start":{"line":25,"column":0},"end":{"line":25,"column":3}},"25":{"start":{"line":26,"column":0},"end":{"line":26,"column":12}},"26":{"start":{"line":27,"column":0},"end":{"line":27,"column":37}},"27":{"start":{"line":28,"column":0},"end":{"line":28,"column":3}},"28":{"start":{"line":29,"column":0},"end":{"line":29,"column":8}},"29":{"start":{"line":30,"column":0},"end":{"line":30,"column":1}},"30":{"start":{"line":31,"column":0},"end":{"line":31,"column":53}},"31":{"start":{"line":32,"column":0},"end":{"line":32,"column":44}},"32":{"start":{"line":33,"column":0},"end":{"line":33,"column":57}},"33":{"start":{"line":34,"column":0},"end":{"line":34,"column":3}},"34":{"start":{"line":35,"column":0},"end":{"line":35,"column":1}},"35":{"start":{"line":36,"column":0},"end":{"line":36,"column":54}}},"s":{"0":2,"1":1016,"2":1016,"3":1016,"4":1016,"5":1016,"6":1016,"7":1016,"8":1016,"9":2,"10":64,"11":64,"12":64,"13":64,"14":64,"15":64,"16":1304,"17":1304,"18":64,"19":12,"20":12,"21":64,"22":64,"23":1016,"24":1016,"25":64,"26":1024,"27":1024,"28":64,"29":64,"30":2,"31":2,"32":28,"33":28,"34":2,"35":2},"branchMap":{"0":{"type":"branch","line":1,"loc":{"start":{"line":1,"column":0},"end":{"line":36,"column":54}},"locations":[{"start":{"line":1,"column":0},"end":{"line":36,"column":54}}]},"1":{"type":"branch","line":2,"loc":{"start":{"line":2,"column":0},"end":{"line":9,"column":1}},"locations":[{"start":{"line":2,"column":0},"end":{"line":9,"column":1}}]},"2":{"type":"branch","line":5,"loc":{"start":{"line":5,"column":2},"end":{"line":8,"column":3}},"locations":[{"start":{"line":5,"column":2},"end":{"line":8,"column":3}}]},"3":{"type":"branch","line":10,"loc":{"start":{"line":10,"column":7},"end":{"line":30,"column":1}},"locations":[{"start":{"line":10,"column":7},"end":{"line":30,"column":1}}]},"4":{"type":"branch","line":12,"loc":{"start":{"line":12,"column":2},"end":{"line":15,"column":3}},"locations":[{"start":{"line":12,"column":2},"end":{"line":15,"column":3}}]},"5":{"type":"branch","line":12,"loc":{"start":{"line":12,"column":26},"end":{"line":12,"column":41}},"locations":[{"start":{"line":12,"column":26},"end":{"line":12,"column":41}}]},"6":{"type":"branch","line":14,"loc":{"start":{"line":14,"column":32},"end":{"line":14,"column":126}},"locations":[{"start":{"line":14,"column":32},"end":{"line":14,"column":126}}]},"7":{"type":"branch","line":14,"loc":{"start":{"line":14,"column":73},"end":{"line":14,"column":126}},"locations":[{"start":{"line":14,"column":73},"end":{"line":14,"column":126}}]},"8":{"type":"branch","line":14,"loc":{"start":{"line":14,"column":109},"end":{"line":14,"column":125}},"locations":[{"start":{"line":14,"column":109},"end":{"line":14,"column":125}}]},"9":{"type":"branch","line":16,"loc":{"start":{"line":16,"column":2},"end":{"line":18,"column":3}},"locations":[{"start":{"line":16,"column":2},"end":{"line":18,"column":3}}]},"10":{"type":"branch","line":19,"loc":{"start":{"line":19,"column":2},"end":{"line":21,"column":3}},"locations":[{"start":{"line":19,"column":2},"end":{"line":21,"column":3}}]},"11":{"type":"branch","line":20,"loc":{"start":{"line":20,"column":25},"end":{"line":20,"column":31}},"locations":[{"start":{"line":20,"column":25},"end":{"line":20,"column":31}}]},"12":{"type":"branch","line":23,"loc":{"start":{"line":23,"column":2},"end":{"line":25,"column":3}},"locations":[{"start":{"line":23,"column":2},"end":{"line":25,"column":3}}]},"13":{"type":"branch","line":26,"loc":{"start":{"line":26,"column":2},"end":{"line":28,"column":3}},"locations":[{"start":{"line":26,"column":2},"end":{"line":28,"column":3}}]},"14":{"type":"branch","line":27,"loc":{"start":{"line":27,"column":30},"end":{"line":27,"column":36}},"locations":[{"start":{"line":27,"column":30},"end":{"line":27,"column":36}}]},"15":{"type":"branch","line":32,"loc":{"start":{"line":32,"column":2},"end":{"line":34,"column":3}},"locations":[{"start":{"line":32,"column":2},"end":{"line":34,"column":3}}]},"16":{"type":"branch","line":32,"loc":{"start":{"line":32,"column":26},"end":{"line":32,"column":41}},"locations":[{"start":{"line":32,"column":26},"end":{"line":32,"column":41}}]},"17":{"type":"branch","line":33,"loc":{"start":{"line":33,"column":10},"end":{"line":33,"column":55}},"locations":[{"start":{"line":33,"column":10},"end":{"line":33,"column":55}}]},"18":{"type":"branch","line":33,"loc":{"start":{"line":33,"column":37},"end":{"line":33,"column":55}},"locations":[{"start":{"line":33,"column":37},"end":{"line":33,"column":55}}]}},"b":{"0":[2],"1":[1016],"2":[1016],"3":[64],"4":[64],"5":[588],"6":[1540],"7":[678],"8":[24],"9":[1304],"10":[12],"11":[4],"12":[1016],"13":[1024],"14":[1016],"15":[28],"16":[876],"17":[1078],"18":[754]},"fnMap":{"0":{"name":"<instance_members_initializer>","decl":{"start":{"line":2,"column":0},"end":{"line":9,"column":1}},"loc":{"start":{"line":2,"column":0},"end":{"line":9,"column":1}},"line":2},"1":{"name":"Keyed","decl":{"start":{"line":5,"column":2},"end":{"line":8,"column":3}},"loc":{"start":{"line":5,"column":2},"end":{"line":8,"column":3}},"line":5},"2":{"name":"<instance_members_initializer>","decl":{"start":{"line":10,"column":7},"end":{"line":30,"column":1}},"loc":{"start":{"line":10,"column":7},"end":{"line":30,"column":1}},"line":10},"3":{"name":"PriorityQueue","decl":{"start":{"line":12,"column":2},"end":{"line":15,"column":3}},"loc":{"start":{"line":12,"column":2},"end":{"line":15,"column":3}},"line":12},"4":{"name":"isOrdered","decl":{"start":{"line":12,"column":26},"end":{"line":12,"column":41}},"loc":{"start":{"line":12,"column":26},"end":{"line":12,"column":41}},"line":12},"5":{"name":"get length","decl":{"start":{"line":16,"column":2},"end":{"line":18,"column":3}},"loc":{"start":{"line":16,"column":2},"end":{"line":18,"column":3}},"line":16},"6":{"name":"get top","decl":{"start":{"line":19,"column":2},"end":{"line":21,"column":3}},"loc":{"start":{"line":19,"column":2},"end":{"line":21,"column":3}},"line":19},"7":{"name":"insert","decl":{"start":{"line":23,"column":2},"end":{"line":25,"column":3}},"loc":{"start":{"line":23,"column":2},"end":{"line":25,"column":3}},"line":23},"8":{"name":"remove","decl":{"start":{"line":26,"column":2},"end":{"line":28,"column":3}},"loc":{"start":{"line":26,"column":2},"end":{"line":28,"column":3}},"line":26},"9":{"name":"MaxPriorityQueue","decl":{"start":{"line":32,"column":2},"end":{"line":34,"column":3}},"loc":{"start":{"line":32,"column":2},"end":{"line":34,"column":3}},"line":32},"10":{"name":"isOrdered","decl":{"start":{"line":32,"column":26},"end":{"line":32,"column":41}},"loc":{"start":{"line":32,"column":26},"end":{"line":32,"column":41}},"line":32}},"f":{"0":1016,"1":1016,"2":64,"3":64,"4":588,"5":1304,"6":12,"7":1016,"8":1024,"9":28,"10":876}}
,"C:\\Code\\-- Library\\JavaScript\\$lib\\$ds\\binary-heap.js": {"path":"C:\\Code\\-- Library\\JavaScript\\$lib\\$ds\\binary-heap.js","all":false,"statementMap":{"0":{"start":{"line":1,"column":0},"end":{"line":1,"column":25}},"1":{"start":{"line":2,"column":0},"end":{"line":2,"column":12}},"2":{"start":{"line":3,"column":0},"end":{"line":3,"column":44}},"3":{"start":{"line":4,"column":0},"end":{"line":4,"column":31}},"4":{"start":{"line":5,"column":0},"end":{"line":5,"column":3}},"5":{"start":{"line":6,"column":0},"end":{"line":6,"column":16}},"6":{"start":{"line":7,"column":0},"end":{"line":7,"column":28}},"7":{"start":{"line":8,"column":0},"end":{"line":8,"column":3}},"8":{"start":{"line":9,"column":0},"end":{"line":9,"column":13}},"9":{"start":{"line":10,"column":0},"end":{"line":10,"column":33}},"10":{"start":{"line":11,"column":0},"end":{"line":11,"column":23}},"11":{"start":{"line":12,"column":0},"end":{"line":12,"column":5}},"12":{"start":{"line":13,"column":0},"end":{"line":13,"column":24}},"13":{"start":{"line":14,"column":0},"end":{"line":14,"column":3}},"14":{"start":{"line":15,"column":0},"end":{"line":15,"column":17}},"15":{"start":{"line":16,"column":0},"end":{"line":16,"column":26}},"16":{"start":{"line":17,"column":0},"end":{"line":17,"column":38}},"17":{"start":{"line":18,"column":0},"end":{"line":18,"column":3}},"18":{"start":{"line":19,"column":0},"end":{"line":19,"column":12}},"19":{"start":{"line":20,"column":0},"end":{"line":20,"column":25}},"20":{"start":{"line":21,"column":0},"end":{"line":21,"column":32}},"21":{"start":{"line":22,"column":0},"end":{"line":22,"column":31}},"22":{"start":{"line":23,"column":0},"end":{"line":23,"column":25}},"23":{"start":{"line":24,"column":0},"end":{"line":24,"column":23}},"24":{"start":{"line":25,"column":0},"end":{"line":25,"column":5}},"25":{"start":{"line":26,"column":0},"end":{"line":26,"column":15}},"26":{"start":{"line":27,"column":0},"end":{"line":27,"column":3}},"27":{"start":{"line":28,"column":0},"end":{"line":28,"column":28}},"28":{"start":{"line":29,"column":0},"end":{"line":29,"column":25}},"29":{"start":{"line":30,"column":0},"end":{"line":30,"column":3}},"30":{"start":{"line":31,"column":0},"end":{"line":31,"column":25}},"31":{"start":{"line":32,"column":0},"end":{"line":32,"column":39}},"32":{"start":{"line":33,"column":0},"end":{"line":33,"column":3}},"33":{"start":{"line":34,"column":0},"end":{"line":34,"column":29}},"34":{"start":{"line":35,"column":0},"end":{"line":35,"column":25}},"35":{"start":{"line":36,"column":0},"end":{"line":36,"column":3}},"36":{"start":{"line":37,"column":0},"end":{"line":37,"column":19}},"37":{"start":{"line":38,"column":0},"end":{"line":38,"column":57}},"38":{"start":{"line":39,"column":0},"end":{"line":39,"column":59}},"39":{"start":{"line":40,"column":0},"end":{"line":40,"column":29}},"40":{"start":{"line":41,"column":0},"end":{"line":41,"column":114}},"41":{"start":{"line":42,"column":0},"end":{"line":42,"column":36}},"42":{"start":{"line":43,"column":0},"end":{"line":43,"column":5}},"43":{"start":{"line":44,"column":0},"end":{"line":44,"column":116}},"44":{"start":{"line":45,"column":0},"end":{"line":45,"column":37}},"45":{"start":{"line":46,"column":0},"end":{"line":46,"column":5}},"46":{"start":{"line":47,"column":0},"end":{"line":47,"column":33}},"47":{"start":{"line":48,"column":0},"end":{"line":48,"column":37}},"48":{"start":{"line":49,"column":0},"end":{"line":49,"column":34}},"49":{"start":{"line":50,"column":0},"end":{"line":50,"column":5}},"50":{"start":{"line":51,"column":0},"end":{"line":51,"column":3}},"51":{"start":{"line":52,"column":0},"end":{"line":52,"column":17}},"52":{"start":{"line":53,"column":0},"end":{"line":53,"column":22}},"53":{"start":{"line":54,"column":0},"end":{"line":54,"column":13}},"54":{"start":{"line":55,"column":0},"end":{"line":55,"column":5}},"55":{"start":{"line":56,"column":0},"end":{"line":56,"column":51}},"56":{"start":{"line":57,"column":0},"end":{"line":57,"column":68}},"57":{"start":{"line":58,"column":0},"end":{"line":58,"column":36}},"58":{"start":{"line":59,"column":0},"end":{"line":59,"column":31}},"59":{"start":{"line":60,"column":0},"end":{"line":60,"column":5}},"60":{"start":{"line":61,"column":0},"end":{"line":61,"column":3}},"61":{"start":{"line":62,"column":0},"end":{"line":62,"column":24}},"62":{"start":{"line":63,"column":0},"end":{"line":63,"column":84}},"63":{"start":{"line":64,"column":0},"end":{"line":64,"column":3}},"64":{"start":{"line":65,"column":0},"end":{"line":65,"column":12}},"65":{"start":{"line":66,"column":0},"end":{"line":66,"column":1}},"66":{"start":{"line":67,"column":0},"end":{"line":67,"column":47}},"67":{"start":{"line":68,"column":0},"end":{"line":68,"column":44}},"68":{"start":{"line":69,"column":0},"end":{"line":69,"column":57}},"69":{"start":{"line":70,"column":0},"end":{"line":70,"column":3}},"70":{"start":{"line":71,"column":0},"end":{"line":71,"column":1}},"71":{"start":{"line":72,"column":0},"end":{"line":72,"column":48}}},"s":{"0":4,"1":88,"2":88,"3":88,"4":88,"5":88,"6":1916,"7":1916,"8":88,"9":1520,"10":24,"11":24,"12":1496,"13":1520,"14":88,"15":1492,"16":1492,"17":1492,"18":88,"19":1504,"20":1504,"21":1504,"22":1080,"23":1080,"24":1080,"25":1504,"26":1504,"27":88,"28":1584,"29":1584,"30":88,"31":1276,"32":1276,"33":88,"34":1584,"35":1584,"36":88,"37":1584,"38":1584,"39":1584,"40":1584,"41":504,"42":504,"43":1584,"44":98,"45":98,"46":1584,"47":504,"48":504,"49":504,"50":1584,"51":88,"52":2084,"53":808,"54":808,"55":1276,"56":2084,"57":592,"58":592,"59":592,"60":2084,"61":88,"62":1096,"63":1096,"64":88,"65":88,"66":4,"67":4,"68":12,"69":12,"70":4,"71":4},"branchMap":{"0":{"type":"branch","line":1,"loc":{"start":{"line":1,"column":0},"end":{"line":72,"column":48}},"locations":[{"start":{"line":1,"column":0},"end":{"line":72,"column":48}}]},"1":{"type":"branch","line":1,"loc":{"start":{"line":1,"column":7},"end":{"line":66,"column":1}},"locations":[{"start":{"line":1,"column":7},"end":{"line":66,"column":1}}]},"2":{"type":"branch","line":3,"loc":{"start":{"line":3,"column":2},"end":{"line":5,"column":3}},"locations":[{"start":{"line":3,"column":2},"end":{"line":5,"column":3}}]},"3":{"type":"branch","line":3,"loc":{"start":{"line":3,"column":26},"end":{"line":3,"column":41}},"locations":[{"start":{"line":3,"column":26},"end":{"line":3,"column":41}}]},"4":{"type":"branch","line":6,"loc":{"start":{"line":6,"column":2},"end":{"line":8,"column":3}},"locations":[{"start":{"line":6,"column":2},"end":{"line":8,"column":3}}]},"5":{"type":"branch","line":9,"loc":{"start":{"line":9,"column":2},"end":{"line":14,"column":3}},"locations":[{"start":{"line":9,"column":2},"end":{"line":14,"column":3}}]},"6":{"type":"branch","line":10,"loc":{"start":{"line":10,"column":32},"end":{"line":12,"column":5}},"locations":[{"start":{"line":10,"column":32},"end":{"line":12,"column":5}}]},"7":{"type":"branch","line":13,"loc":{"start":{"line":13,"column":-1},"end":{"line":14,"column":2}},"locations":[{"start":{"line":13,"column":-1},"end":{"line":14,"column":2}}]},"8":{"type":"branch","line":15,"loc":{"start":{"line":15,"column":2},"end":{"line":18,"column":3}},"locations":[{"start":{"line":15,"column":2},"end":{"line":18,"column":3}}]},"9":{"type":"branch","line":19,"loc":{"start":{"line":19,"column":2},"end":{"line":27,"column":3}},"locations":[{"start":{"line":19,"column":2},"end":{"line":27,"column":3}}]},"10":{"type":"branch","line":22,"loc":{"start":{"line":22,"column":30},"end":{"line":25,"column":5}},"locations":[{"start":{"line":22,"column":30},"end":{"line":25,"column":5}}]},"11":{"type":"branch","line":28,"loc":{"start":{"line":28,"column":2},"end":{"line":30,"column":3}},"locations":[{"start":{"line":28,"column":2},"end":{"line":30,"column":3}}]},"12":{"type":"branch","line":31,"loc":{"start":{"line":31,"column":2},"end":{"line":33,"column":3}},"locations":[{"start":{"line":31,"column":2},"end":{"line":33,"column":3}}]},"13":{"type":"branch","line":34,"loc":{"start":{"line":34,"column":2},"end":{"line":36,"column":3}},"locations":[{"start":{"line":34,"column":2},"end":{"line":36,"column":3}}]},"14":{"type":"branch","line":37,"loc":{"start":{"line":37,"column":2},"end":{"line":51,"column":3}},"locations":[{"start":{"line":37,"column":2},"end":{"line":51,"column":3}}]},"15":{"type":"branch","line":41,"loc":{"start":{"line":41,"column":42},"end":{"line":41,"column":111}},"locations":[{"start":{"line":41,"column":42},"end":{"line":41,"column":111}}]},"16":{"type":"branch","line":41,"loc":{"start":{"line":41,"column":113},"end":{"line":43,"column":5}},"locations":[{"start":{"line":41,"column":113},"end":{"line":43,"column":5}}]},"17":{"type":"branch","line":44,"loc":{"start":{"line":44,"column":43},"end":{"line":44,"column":113}},"locations":[{"start":{"line":44,"column":43},"end":{"line":44,"column":113}}]},"18":{"type":"branch","line":44,"loc":{"start":{"line":44,"column":115},"end":{"line":46,"column":5}},"locations":[{"start":{"line":44,"column":115},"end":{"line":46,"column":5}}]},"19":{"type":"branch","line":47,"loc":{"start":{"line":47,"column":32},"end":{"line":50,"column":5}},"locations":[{"start":{"line":47,"column":32},"end":{"line":50,"column":5}}]},"20":{"type":"branch","line":52,"loc":{"start":{"line":52,"column":2},"end":{"line":61,"column":3}},"locations":[{"start":{"line":52,"column":2},"end":{"line":61,"column":3}}]},"21":{"type":"branch","line":53,"loc":{"start":{"line":53,"column":21},"end":{"line":55,"column":5}},"locations":[{"start":{"line":53,"column":21},"end":{"line":55,"column":5}}]},"22":{"type":"branch","line":56,"loc":{"start":{"line":56,"column":-1},"end":{"line":57,"column":67}},"locations":[{"start":{"line":56,"column":-1},"end":{"line":57,"column":67}}]},"23":{"type":"branch","line":57,"loc":{"start":{"line":57,"column":67},"end":{"line":60,"column":5}},"locations":[{"start":{"line":57,"column":67},"end":{"line":60,"column":5}}]},"24":{"type":"branch","line":62,"loc":{"start":{"line":62,"column":2},"end":{"line":64,"column":3}},"locations":[{"start":{"line":62,"column":2},"end":{"line":64,"column":3}}]},"25":{"type":"branch","line":68,"loc":{"start":{"line":68,"column":2},"end":{"line":70,"column":3}},"locations":[{"start":{"line":68,"column":2},"end":{"line":70,"column":3}}]},"26":{"type":"branch","line":68,"loc":{"start":{"line":68,"column":26},"end":{"line":68,"column":41}},"locations":[{"start":{"line":68,"column":26},"end":{"line":68,"column":41}}]},"27":{"type":"branch","line":69,"loc":{"start":{"line":69,"column":10},"end":{"line":69,"column":55}},"locations":[{"start":{"line":69,"column":10},"end":{"line":69,"column":55}}]},"28":{"type":"branch","line":69,"loc":{"start":{"line":69,"column":37},"end":{"line":69,"column":55}},"locations":[{"start":{"line":69,"column":37},"end":{"line":69,"column":55}}]}},"b":{"0":[4],"1":[88],"2":[88],"3":[360],"4":[1916],"5":[1520],"6":[24],"7":[1496],"8":[1492],"9":[1504],"10":[1080],"11":[1584],"12":[1276],"13":[1584],"14":[1584],"15":[680],"16":[504],"17":[304],"18":[98],"19":[504],"20":[2084],"21":[808],"22":[1276],"23":[592],"24":[1096],"25":[12],"26":[564],"27":[360],"28":[204]},"fnMap":{"0":{"name":"<instance_members_initializer>","decl":{"start":{"line":1,"column":7},"end":{"line":66,"column":1}},"loc":{"start":{"line":1,"column":7},"end":{"line":66,"column":1}},"line":1},"1":{"name":"BinaryHeap","decl":{"start":{"line":3,"column":2},"end":{"line":5,"column":3}},"loc":{"start":{"line":3,"column":2},"end":{"line":5,"column":3}},"line":3},"2":{"name":"isOrdered","decl":{"start":{"line":3,"column":26},"end":{"line":3,"column":41}},"loc":{"start":{"line":3,"column":26},"end":{"line":3,"column":41}},"line":3},"3":{"name":"get length","decl":{"start":{"line":6,"column":2},"end":{"line":8,"column":3}},"loc":{"start":{"line":6,"column":2},"end":{"line":8,"column":3}},"line":6},"4":{"name":"get top","decl":{"start":{"line":9,"column":2},"end":{"line":14,"column":3}},"loc":{"start":{"line":9,"column":2},"end":{"line":14,"column":3}},"line":9},"5":{"name":"insert","decl":{"start":{"line":15,"column":2},"end":{"line":18,"column":3}},"loc":{"start":{"line":15,"column":2},"end":{"line":18,"column":3}},"line":15},"6":{"name":"remove","decl":{"start":{"line":19,"column":2},"end":{"line":27,"column":3}},"loc":{"start":{"line":19,"column":2},"end":{"line":27,"column":3}},"line":19},"7":{"name":"getLeftChildIndex","decl":{"start":{"line":28,"column":2},"end":{"line":30,"column":3}},"loc":{"start":{"line":28,"column":2},"end":{"line":30,"column":3}},"line":28},"8":{"name":"getParentIndex","decl":{"start":{"line":31,"column":2},"end":{"line":33,"column":3}},"loc":{"start":{"line":31,"column":2},"end":{"line":33,"column":3}},"line":31},"9":{"name":"getRightChildIndex","decl":{"start":{"line":34,"column":2},"end":{"line":36,"column":3}},"loc":{"start":{"line":34,"column":2},"end":{"line":36,"column":3}},"line":34},"10":{"name":"siftDown","decl":{"start":{"line":37,"column":2},"end":{"line":51,"column":3}},"loc":{"start":{"line":37,"column":2},"end":{"line":51,"column":3}},"line":37},"11":{"name":"siftUp","decl":{"start":{"line":52,"column":2},"end":{"line":61,"column":3}},"loc":{"start":{"line":52,"column":2},"end":{"line":61,"column":3}},"line":52},"12":{"name":"swap","decl":{"start":{"line":62,"column":2},"end":{"line":64,"column":3}},"loc":{"start":{"line":62,"column":2},"end":{"line":64,"column":3}},"line":62},"13":{"name":"MaxBinaryHeap","decl":{"start":{"line":68,"column":2},"end":{"line":70,"column":3}},"loc":{"start":{"line":68,"column":2},"end":{"line":70,"column":3}},"line":68},"14":{"name":"isOrdered","decl":{"start":{"line":68,"column":26},"end":{"line":68,"column":41}},"loc":{"start":{"line":68,"column":26},"end":{"line":68,"column":41}},"line":68}},"f":{"0":88,"1":88,"2":360,"3":1916,"4":1520,"5":1492,"6":1504,"7":1584,"8":1276,"9":1584,"10":1584,"11":2084,"12":1096,"13":12,"14":564}}
}
