{
  "G:\\@Projects\\@JavaScript\\$lib\\combinatorics.js": {
    "path": "G:\\@Projects\\@JavaScript\\$lib\\combinatorics.js",
    "all": false,
    "statementMap": {
      "0": {
        "start": { "line": 1, "column": 0 },
        "end": { "line": 1, "column": 42 }
      },
      "1": {
        "start": { "line": 2, "column": 0 },
        "end": { "line": 2, "column": 27 }
      },
      "2": {
        "start": { "line": 3, "column": 0 },
        "end": { "line": 3, "column": 43 }
      },
      "3": {
        "start": { "line": 4, "column": 0 },
        "end": { "line": 4, "column": 1 }
      },
      "4": {
        "start": { "line": 5, "column": 0 },
        "end": { "line": 5, "column": 27 }
      },
      "5": {
        "start": { "line": 6, "column": 0 },
        "end": { "line": 6, "column": 60 }
      },
      "6": {
        "start": { "line": 7, "column": 0 },
        "end": { "line": 7, "column": 1 }
      },
      "7": {
        "start": { "line": 8, "column": 0 },
        "end": { "line": 8, "column": 50 }
      },
      "8": {
        "start": { "line": 9, "column": 0 },
        "end": { "line": 9, "column": 43 }
      },
      "9": {
        "start": { "line": 10, "column": 0 },
        "end": { "line": 10, "column": 32 }
      },
      "10": {
        "start": { "line": 11, "column": 0 },
        "end": { "line": 11, "column": 40 }
      },
      "11": {
        "start": { "line": 12, "column": 0 },
        "end": { "line": 12, "column": 31 }
      },
      "12": {
        "start": { "line": 13, "column": 0 },
        "end": { "line": 13, "column": 24 }
      },
      "13": {
        "start": { "line": 14, "column": 0 },
        "end": { "line": 14, "column": 25 }
      },
      "14": {
        "start": { "line": 15, "column": 0 },
        "end": { "line": 15, "column": 21 }
      },
      "15": {
        "start": { "line": 16, "column": 0 },
        "end": { "line": 16, "column": 24 }
      },
      "16": {
        "start": { "line": 17, "column": 0 },
        "end": { "line": 17, "column": 63 }
      },
      "17": {
        "start": { "line": 18, "column": 0 },
        "end": { "line": 18, "column": 62 }
      },
      "18": {
        "start": { "line": 19, "column": 0 },
        "end": { "line": 19, "column": 48 }
      },
      "19": {
        "start": { "line": 20, "column": 0 },
        "end": { "line": 20, "column": 13 }
      },
      "20": {
        "start": { "line": 21, "column": 0 },
        "end": { "line": 21, "column": 26 }
      },
      "21": {
        "start": { "line": 22, "column": 0 },
        "end": { "line": 22, "column": 52 }
      },
      "22": {
        "start": { "line": 23, "column": 0 },
        "end": { "line": 23, "column": 35 }
      },
      "23": {
        "start": { "line": 24, "column": 0 },
        "end": { "line": 24, "column": 49 }
      },
      "24": {
        "start": { "line": 25, "column": 0 },
        "end": { "line": 25, "column": 43 }
      },
      "25": {
        "start": { "line": 26, "column": 0 },
        "end": { "line": 26, "column": 35 }
      },
      "26": {
        "start": { "line": 27, "column": 0 },
        "end": { "line": 27, "column": 24 }
      },
      "27": {
        "start": { "line": 28, "column": 0 },
        "end": { "line": 28, "column": 27 }
      },
      "28": {
        "start": { "line": 29, "column": 0 },
        "end": { "line": 29, "column": 26 }
      },
      "29": {
        "start": { "line": 30, "column": 0 },
        "end": { "line": 30, "column": 17 }
      },
      "30": {
        "start": { "line": 31, "column": 0 },
        "end": { "line": 31, "column": 20 }
      },
      "31": {
        "start": { "line": 32, "column": 0 },
        "end": { "line": 32, "column": 56 }
      },
      "32": {
        "start": { "line": 33, "column": 0 },
        "end": { "line": 33, "column": 31 }
      },
      "33": {
        "start": { "line": 34, "column": 0 },
        "end": { "line": 34, "column": 13 }
      },
      "34": {
        "start": { "line": 35, "column": 0 },
        "end": { "line": 35, "column": 9 }
      },
      "35": {
        "start": { "line": 36, "column": 0 },
        "end": { "line": 36, "column": 5 }
      },
      "36": {
        "start": { "line": 37, "column": 0 },
        "end": { "line": 37, "column": 26 }
      },
      "37": {
        "start": { "line": 38, "column": 0 },
        "end": { "line": 38, "column": 29 }
      },
      "38": {
        "start": { "line": 39, "column": 0 },
        "end": { "line": 39, "column": 39 }
      },
      "39": {
        "start": { "line": 40, "column": 0 },
        "end": { "line": 40, "column": 54 }
      },
      "40": {
        "start": { "line": 41, "column": 0 },
        "end": { "line": 41, "column": 53 }
      },
      "41": {
        "start": { "line": 42, "column": 0 },
        "end": { "line": 42, "column": 48 }
      },
      "42": {
        "start": { "line": 43, "column": 0 },
        "end": { "line": 43, "column": 33 }
      },
      "43": {
        "start": { "line": 44, "column": 0 },
        "end": { "line": 44, "column": 41 }
      },
      "44": {
        "start": { "line": 45, "column": 0 },
        "end": { "line": 45, "column": 59 }
      },
      "45": {
        "start": { "line": 46, "column": 0 },
        "end": { "line": 46, "column": 32 }
      },
      "46": {
        "start": { "line": 47, "column": 0 },
        "end": { "line": 47, "column": 39 }
      },
      "47": {
        "start": { "line": 48, "column": 0 },
        "end": { "line": 48, "column": 5 }
      },
      "48": {
        "start": { "line": 49, "column": 0 },
        "end": { "line": 49, "column": 24 }
      },
      "49": {
        "start": { "line": 50, "column": 0 },
        "end": { "line": 50, "column": 1 }
      },
      "50": {
        "start": { "line": 51, "column": 0 },
        "end": { "line": 51, "column": 50 }
      },
      "51": {
        "start": { "line": 52, "column": 0 },
        "end": { "line": 52, "column": 43 }
      },
      "52": {
        "start": { "line": 53, "column": 0 },
        "end": { "line": 53, "column": 32 }
      },
      "53": {
        "start": { "line": 54, "column": 0 },
        "end": { "line": 54, "column": 40 }
      },
      "54": {
        "start": { "line": 55, "column": 0 },
        "end": { "line": 55, "column": 31 }
      },
      "55": {
        "start": { "line": 56, "column": 0 },
        "end": { "line": 56, "column": 24 }
      },
      "56": {
        "start": { "line": 57, "column": 0 },
        "end": { "line": 57, "column": 25 }
      },
      "57": {
        "start": { "line": 58, "column": 0 },
        "end": { "line": 58, "column": 21 }
      },
      "58": {
        "start": { "line": 59, "column": 0 },
        "end": { "line": 59, "column": 24 }
      },
      "59": {
        "start": { "line": 60, "column": 0 },
        "end": { "line": 60, "column": 56 }
      },
      "60": {
        "start": { "line": 61, "column": 0 },
        "end": { "line": 61, "column": 52 }
      },
      "61": {
        "start": { "line": 62, "column": 0 },
        "end": { "line": 62, "column": 35 }
      },
      "62": {
        "start": { "line": 63, "column": 0 },
        "end": { "line": 63, "column": 49 }
      },
      "63": {
        "start": { "line": 64, "column": 0 },
        "end": { "line": 64, "column": 43 }
      },
      "64": {
        "start": { "line": 65, "column": 0 },
        "end": { "line": 65, "column": 52 }
      },
      "65": {
        "start": { "line": 66, "column": 0 },
        "end": { "line": 66, "column": 24 }
      },
      "66": {
        "start": { "line": 67, "column": 0 },
        "end": { "line": 67, "column": 27 }
      },
      "67": {
        "start": { "line": 68, "column": 0 },
        "end": { "line": 68, "column": 26 }
      },
      "68": {
        "start": { "line": 69, "column": 0 },
        "end": { "line": 69, "column": 17 }
      },
      "69": {
        "start": { "line": 70, "column": 0 },
        "end": { "line": 70, "column": 20 }
      },
      "70": {
        "start": { "line": 71, "column": 0 },
        "end": { "line": 71, "column": 56 }
      },
      "71": {
        "start": { "line": 72, "column": 0 },
        "end": { "line": 72, "column": 31 }
      },
      "72": {
        "start": { "line": 73, "column": 0 },
        "end": { "line": 73, "column": 13 }
      },
      "73": {
        "start": { "line": 74, "column": 0 },
        "end": { "line": 74, "column": 9 }
      },
      "74": {
        "start": { "line": 75, "column": 0 },
        "end": { "line": 75, "column": 5 }
      },
      "75": {
        "start": { "line": 76, "column": 0 },
        "end": { "line": 76, "column": 30 }
      },
      "76": {
        "start": { "line": 77, "column": 0 },
        "end": { "line": 77, "column": 29 }
      },
      "77": {
        "start": { "line": 78, "column": 0 },
        "end": { "line": 78, "column": 39 }
      },
      "78": {
        "start": { "line": 79, "column": 0 },
        "end": { "line": 79, "column": 54 }
      },
      "79": {
        "start": { "line": 80, "column": 0 },
        "end": { "line": 80, "column": 53 }
      },
      "80": {
        "start": { "line": 81, "column": 0 },
        "end": { "line": 81, "column": 48 }
      },
      "81": {
        "start": { "line": 82, "column": 0 },
        "end": { "line": 82, "column": 33 }
      },
      "82": {
        "start": { "line": 83, "column": 0 },
        "end": { "line": 83, "column": 41 }
      },
      "83": {
        "start": { "line": 84, "column": 0 },
        "end": { "line": 84, "column": 59 }
      },
      "84": {
        "start": { "line": 85, "column": 0 },
        "end": { "line": 85, "column": 32 }
      },
      "85": {
        "start": { "line": 86, "column": 0 },
        "end": { "line": 86, "column": 39 }
      },
      "86": {
        "start": { "line": 87, "column": 0 },
        "end": { "line": 87, "column": 5 }
      },
      "87": {
        "start": { "line": 88, "column": 0 },
        "end": { "line": 88, "column": 24 }
      },
      "88": {
        "start": { "line": 89, "column": 0 },
        "end": { "line": 89, "column": 1 }
      }
    },
    "s": {
      "0": 3,
      "1": 3,
      "2": 18,
      "3": 18,
      "4": 3,
      "5": 6,
      "6": 6,
      "7": 3,
      "8": 15,
      "9": 265,
      "10": 265,
      "11": 265,
      "12": 265,
      "13": 265,
      "14": 265,
      "15": 265,
      "16": 880,
      "17": 880,
      "18": 682,
      "19": 682,
      "20": 880,
      "21": 880,
      "22": 880,
      "23": 541,
      "24": 541,
      "25": 291,
      "26": 541,
      "27": 250,
      "28": 250,
      "29": 250,
      "30": 880,
      "31": 339,
      "32": 339,
      "33": 339,
      "34": 880,
      "35": 265,
      "36": 15,
      "37": 15,
      "38": 15,
      "39": 15,
      "40": 15,
      "41": 15,
      "42": 265,
      "43": 265,
      "44": 265,
      "45": 265,
      "46": 265,
      "47": 265,
      "48": 265,
      "49": 15,
      "50": 3,
      "51": 3,
      "52": 25,
      "53": 25,
      "54": 25,
      "55": 25,
      "56": 25,
      "57": 25,
      "58": 25,
      "59": 62,
      "60": 62,
      "61": 62,
      "62": 39,
      "63": 39,
      "64": 17,
      "65": 39,
      "66": 22,
      "67": 22,
      "68": 22,
      "69": 62,
      "70": 23,
      "71": 23,
      "72": 23,
      "73": 62,
      "74": 25,
      "75": 3,
      "76": 3,
      "77": 3,
      "78": 3,
      "79": 3,
      "80": 3,
      "81": 25,
      "82": 25,
      "83": 25,
      "84": 25,
      "85": 25,
      "86": 25,
      "87": 25,
      "88": 3
    },
    "branchMap": {
      "0": {
        "type": "branch",
        "line": 1,
        "loc": {
          "start": { "line": 1, "column": 0 },
          "end": { "line": 89, "column": 1 }
        },
        "locations": [
          {
            "start": { "line": 1, "column": 0 },
            "end": { "line": 89, "column": 1 }
          }
        ]
      },
      "1": {
        "type": "branch",
        "line": 2,
        "loc": {
          "start": { "line": 2, "column": 7 },
          "end": { "line": 4, "column": 1 }
        },
        "locations": [
          {
            "start": { "line": 2, "column": 7 },
            "end": { "line": 4, "column": 1 }
          }
        ]
      },
      "2": {
        "type": "branch",
        "line": 5,
        "loc": {
          "start": { "line": 5, "column": 7 },
          "end": { "line": 7, "column": 1 }
        },
        "locations": [
          {
            "start": { "line": 5, "column": 7 },
            "end": { "line": 7, "column": 1 }
          }
        ]
      },
      "3": {
        "type": "branch",
        "line": 8,
        "loc": {
          "start": { "line": 8, "column": 7 },
          "end": { "line": 50, "column": 1 }
        },
        "locations": [
          {
            "start": { "line": 8, "column": 7 },
            "end": { "line": 50, "column": 1 }
          }
        ]
      },
      "4": {
        "type": "branch",
        "line": 42,
        "loc": {
          "start": { "line": 42, "column": 47 },
          "end": { "line": 50, "column": 0 }
        },
        "locations": [
          {
            "start": { "line": 42, "column": 47 },
            "end": { "line": 50, "column": 0 }
          }
        ]
      },
      "5": {
        "type": "branch",
        "line": 9,
        "loc": {
          "start": { "line": 9, "column": 4 },
          "end": { "line": 36, "column": 5 }
        },
        "locations": [
          {
            "start": { "line": 9, "column": 4 },
            "end": { "line": 36, "column": 5 }
          }
        ]
      },
      "6": {
        "type": "branch",
        "line": 16,
        "loc": {
          "start": { "line": 16, "column": 23 },
          "end": { "line": 35, "column": 9 }
        },
        "locations": [
          {
            "start": { "line": 16, "column": 23 },
            "end": { "line": 35, "column": 9 }
          }
        ]
      },
      "7": {
        "type": "branch",
        "line": 18,
        "loc": {
          "start": { "line": 18, "column": 61 },
          "end": { "line": 20, "column": 13 }
        },
        "locations": [
          {
            "start": { "line": 18, "column": 61 },
            "end": { "line": 20, "column": 13 }
          }
        ]
      },
      "8": {
        "type": "branch",
        "line": 23,
        "loc": {
          "start": { "line": 23, "column": 34 },
          "end": { "line": 31, "column": 13 }
        },
        "locations": [
          {
            "start": { "line": 23, "column": 34 },
            "end": { "line": 31, "column": 13 }
          }
        ]
      },
      "9": {
        "type": "branch",
        "line": 25,
        "loc": {
          "start": { "line": 25, "column": 42 },
          "end": { "line": 27, "column": 17 }
        },
        "locations": [
          {
            "start": { "line": 25, "column": 42 },
            "end": { "line": 27, "column": 17 }
          }
        ]
      },
      "10": {
        "type": "branch",
        "line": 27,
        "loc": {
          "start": { "line": 27, "column": 17 },
          "end": { "line": 30, "column": 17 }
        },
        "locations": [
          {
            "start": { "line": 27, "column": 17 },
            "end": { "line": 30, "column": 17 }
          }
        ]
      },
      "11": {
        "type": "branch",
        "line": 31,
        "loc": {
          "start": { "line": 31, "column": 13 },
          "end": { "line": 34, "column": 13 }
        },
        "locations": [
          {
            "start": { "line": 31, "column": 13 },
            "end": { "line": 34, "column": 13 }
          }
        ]
      },
      "12": {
        "type": "branch",
        "line": 45,
        "loc": {
          "start": { "line": 45, "column": 40 },
          "end": { "line": 45, "column": 57 }
        },
        "locations": [
          {
            "start": { "line": 45, "column": 40 },
            "end": { "line": 45, "column": 57 }
          }
        ]
      },
      "13": {
        "type": "branch",
        "line": 51,
        "loc": {
          "start": { "line": 51, "column": 7 },
          "end": { "line": 89, "column": 1 }
        },
        "locations": [
          {
            "start": { "line": 51, "column": 7 },
            "end": { "line": 89, "column": 1 }
          }
        ]
      },
      "14": {
        "type": "branch",
        "line": 81,
        "loc": {
          "start": { "line": 81, "column": 47 },
          "end": { "line": 89, "column": 0 }
        },
        "locations": [
          {
            "start": { "line": 81, "column": 47 },
            "end": { "line": 89, "column": 0 }
          }
        ]
      },
      "15": {
        "type": "branch",
        "line": 52,
        "loc": {
          "start": { "line": 52, "column": 4 },
          "end": { "line": 75, "column": 5 }
        },
        "locations": [
          {
            "start": { "line": 52, "column": 4 },
            "end": { "line": 75, "column": 5 }
          }
        ]
      },
      "16": {
        "type": "branch",
        "line": 59,
        "loc": {
          "start": { "line": 59, "column": 23 },
          "end": { "line": 74, "column": 9 }
        },
        "locations": [
          {
            "start": { "line": 59, "column": 23 },
            "end": { "line": 74, "column": 9 }
          }
        ]
      },
      "17": {
        "type": "branch",
        "line": 60,
        "loc": {
          "start": { "line": 60, "column": 35 },
          "end": { "line": 60, "column": 51 }
        },
        "locations": [
          {
            "start": { "line": 60, "column": 35 },
            "end": { "line": 60, "column": 51 }
          }
        ]
      },
      "18": {
        "type": "branch",
        "line": 60,
        "loc": {
          "start": { "line": 60, "column": 52 },
          "end": { "line": 60, "column": 55 }
        },
        "locations": [
          {
            "start": { "line": 60, "column": 52 },
            "end": { "line": 60, "column": 55 }
          }
        ]
      },
      "19": {
        "type": "branch",
        "line": 62,
        "loc": {
          "start": { "line": 62, "column": 34 },
          "end": { "line": 70, "column": 13 }
        },
        "locations": [
          {
            "start": { "line": 62, "column": 34 },
            "end": { "line": 70, "column": 13 }
          }
        ]
      },
      "20": {
        "type": "branch",
        "line": 64,
        "loc": {
          "start": { "line": 64, "column": 42 },
          "end": { "line": 66, "column": 17 }
        },
        "locations": [
          {
            "start": { "line": 64, "column": 42 },
            "end": { "line": 66, "column": 17 }
          }
        ]
      },
      "21": {
        "type": "branch",
        "line": 66,
        "loc": {
          "start": { "line": 66, "column": 17 },
          "end": { "line": 69, "column": 17 }
        },
        "locations": [
          {
            "start": { "line": 66, "column": 17 },
            "end": { "line": 69, "column": 17 }
          }
        ]
      },
      "22": {
        "type": "branch",
        "line": 70,
        "loc": {
          "start": { "line": 70, "column": 13 },
          "end": { "line": 73, "column": 13 }
        },
        "locations": [
          {
            "start": { "line": 70, "column": 13 },
            "end": { "line": 73, "column": 13 }
          }
        ]
      },
      "23": {
        "type": "branch",
        "line": 84,
        "loc": {
          "start": { "line": 84, "column": 40 },
          "end": { "line": 84, "column": 57 }
        },
        "locations": [
          {
            "start": { "line": 84, "column": 40 },
            "end": { "line": 84, "column": 57 }
          }
        ]
      }
    },
    "b": {
      "0": [3],
      "1": [18],
      "2": [6],
      "3": [15],
      "4": [265],
      "5": [265],
      "6": [880],
      "7": [682],
      "8": [541],
      "9": [291],
      "10": [250],
      "11": [339],
      "12": [909],
      "13": [3],
      "14": [25],
      "15": [25],
      "16": [62],
      "17": [24],
      "18": [38],
      "19": [39],
      "20": [17],
      "21": [22],
      "22": [23],
      "23": [55]
    },
    "fnMap": {
      "0": {
        "name": "nPr",
        "decl": {
          "start": { "line": 2, "column": 7 },
          "end": { "line": 4, "column": 1 }
        },
        "loc": {
          "start": { "line": 2, "column": 7 },
          "end": { "line": 4, "column": 1 }
        },
        "line": 2
      },
      "1": {
        "name": "nCr",
        "decl": {
          "start": { "line": 5, "column": 7 },
          "end": { "line": 7, "column": 1 }
        },
        "loc": {
          "start": { "line": 5, "column": 7 },
          "end": { "line": 7, "column": 1 }
        },
        "line": 5
      },
      "2": {
        "name": "nChooseRPermutations",
        "decl": {
          "start": { "line": 8, "column": 7 },
          "end": { "line": 50, "column": 1 }
        },
        "loc": {
          "start": { "line": 8, "column": 7 },
          "end": { "line": 50, "column": 1 }
        },
        "line": 8
      },
      "3": {
        "name": "incrementIndices",
        "decl": {
          "start": { "line": 9, "column": 4 },
          "end": { "line": 36, "column": 5 }
        },
        "loc": {
          "start": { "line": 9, "column": 4 },
          "end": { "line": 36, "column": 5 }
        },
        "line": 9
      },
      "4": {
        "name": "nChooseRCombinations",
        "decl": {
          "start": { "line": 51, "column": 7 },
          "end": { "line": 89, "column": 1 }
        },
        "loc": {
          "start": { "line": 51, "column": 7 },
          "end": { "line": 89, "column": 1 }
        },
        "line": 51
      },
      "5": {
        "name": "incrementIndices",
        "decl": {
          "start": { "line": 52, "column": 4 },
          "end": { "line": 75, "column": 5 }
        },
        "loc": {
          "start": { "line": 52, "column": 4 },
          "end": { "line": 75, "column": 5 }
        },
        "line": 52
      }
    },
    "f": { "0": 18, "1": 6, "2": 15, "3": 265, "4": 3, "5": 25 }
  },
  "G:\\@Projects\\@JavaScript\\$lib\\$adt\\priority-queue.js": {
    "path": "G:\\@Projects\\@JavaScript\\$lib\\$adt\\priority-queue.js",
    "all": false,
    "statementMap": {
      "0": {
        "start": { "line": 1, "column": 0 },
        "end": { "line": 1, "column": 51 }
      },
      "1": {
        "start": { "line": 2, "column": 0 },
        "end": { "line": 2, "column": 13 }
      },
      "2": {
        "start": { "line": 3, "column": 0 },
        "end": { "line": 3, "column": 8 }
      },
      "3": {
        "start": { "line": 4, "column": 0 },
        "end": { "line": 4, "column": 9 }
      },
      "4": {
        "start": { "line": 5, "column": 0 },
        "end": { "line": 5, "column": 28 }
      },
      "5": {
        "start": { "line": 6, "column": 0 },
        "end": { "line": 6, "column": 23 }
      },
      "6": {
        "start": { "line": 7, "column": 0 },
        "end": { "line": 7, "column": 25 }
      },
      "7": {
        "start": { "line": 8, "column": 0 },
        "end": { "line": 8, "column": 5 }
      },
      "8": {
        "start": { "line": 9, "column": 0 },
        "end": { "line": 9, "column": 1 }
      },
      "9": {
        "start": { "line": 10, "column": 0 },
        "end": { "line": 10, "column": 28 }
      },
      "10": {
        "start": { "line": 11, "column": 0 },
        "end": { "line": 11, "column": 14 }
      },
      "11": {
        "start": { "line": 12, "column": 0 },
        "end": { "line": 12, "column": 46 }
      },
      "12": {
        "start": { "line": 13, "column": 0 },
        "end": { "line": 13, "column": 35 }
      },
      "13": {
        "start": { "line": 14, "column": 0 },
        "end": { "line": 14, "column": 45 }
      },
      "14": {
        "start": { "line": 15, "column": 0 },
        "end": { "line": 15, "column": 45 }
      },
      "15": {
        "start": { "line": 16, "column": 0 },
        "end": { "line": 16, "column": 60 }
      },
      "16": {
        "start": { "line": 17, "column": 0 },
        "end": { "line": 17, "column": 10 }
      },
      "17": {
        "start": { "line": 18, "column": 0 },
        "end": { "line": 18, "column": 5 }
      },
      "18": {
        "start": { "line": 19, "column": 0 },
        "end": { "line": 19, "column": 18 }
      },
      "19": {
        "start": { "line": 20, "column": 0 },
        "end": { "line": 20, "column": 33 }
      },
      "20": {
        "start": { "line": 21, "column": 0 },
        "end": { "line": 21, "column": 5 }
      },
      "21": {
        "start": { "line": 22, "column": 0 },
        "end": { "line": 22, "column": 15 }
      },
      "22": {
        "start": { "line": 23, "column": 0 },
        "end": { "line": 23, "column": 36 }
      },
      "23": {
        "start": { "line": 24, "column": 0 },
        "end": { "line": 24, "column": 5 }
      },
      "24": {
        "start": { "line": 25, "column": 0 },
        "end": { "line": 25, "column": 12 }
      },
      "25": {
        "start": { "line": 26, "column": 0 },
        "end": { "line": 26, "column": 19 }
      },
      "26": {
        "start": { "line": 27, "column": 0 },
        "end": { "line": 27, "column": 56 }
      },
      "27": {
        "start": { "line": 28, "column": 0 },
        "end": { "line": 28, "column": 5 }
      },
      "28": {
        "start": { "line": 29, "column": 0 },
        "end": { "line": 29, "column": 14 }
      },
      "29": {
        "start": { "line": 30, "column": 0 },
        "end": { "line": 30, "column": 41 }
      },
      "30": {
        "start": { "line": 31, "column": 0 },
        "end": { "line": 31, "column": 5 }
      },
      "31": {
        "start": { "line": 32, "column": 0 },
        "end": { "line": 32, "column": 10 }
      },
      "32": {
        "start": { "line": 33, "column": 0 },
        "end": { "line": 33, "column": 1 }
      },
      "33": {
        "start": { "line": 34, "column": 0 },
        "end": { "line": 34, "column": 53 }
      },
      "34": {
        "start": { "line": 35, "column": 0 },
        "end": { "line": 35, "column": 46 }
      },
      "35": {
        "start": { "line": 36, "column": 0 },
        "end": { "line": 36, "column": 61 }
      },
      "36": {
        "start": { "line": 37, "column": 0 },
        "end": { "line": 37, "column": 5 }
      },
      "37": {
        "start": { "line": 38, "column": 0 },
        "end": { "line": 38, "column": 1 }
      },
      "38": {
        "start": { "line": 39, "column": 0 },
        "end": { "line": 39, "column": 53 }
      },
      "39": {
        "start": { "line": 40, "column": 0 },
        "end": { "line": 40, "column": 1 }
      }
    },
    "s": {
      "0": 1,
      "1": 508,
      "2": 508,
      "3": 508,
      "4": 508,
      "5": 508,
      "6": 508,
      "7": 508,
      "8": 508,
      "9": 1,
      "10": 32,
      "11": 32,
      "12": 32,
      "13": 32,
      "14": 770,
      "15": 339,
      "16": 32,
      "17": 32,
      "18": 32,
      "19": 652,
      "20": 652,
      "21": 32,
      "22": 6,
      "23": 6,
      "24": 32,
      "25": 32,
      "26": 508,
      "27": 508,
      "28": 32,
      "29": 512,
      "30": 512,
      "31": 32,
      "32": 32,
      "33": 1,
      "34": 1,
      "35": 14,
      "36": 14,
      "37": 1,
      "38": 1,
      "39": 1
    },
    "branchMap": {
      "0": {
        "type": "branch",
        "line": 1,
        "loc": {
          "start": { "line": 1, "column": 0 },
          "end": { "line": 40, "column": 1 }
        },
        "locations": [
          {
            "start": { "line": 1, "column": 0 },
            "end": { "line": 40, "column": 1 }
          }
        ]
      },
      "1": {
        "type": "branch",
        "line": 2,
        "loc": {
          "start": { "line": 2, "column": 0 },
          "end": { "line": 9, "column": 1 }
        },
        "locations": [
          {
            "start": { "line": 2, "column": 0 },
            "end": { "line": 9, "column": 1 }
          }
        ]
      },
      "2": {
        "type": "branch",
        "line": 5,
        "loc": {
          "start": { "line": 5, "column": 4 },
          "end": { "line": 8, "column": 5 }
        },
        "locations": [
          {
            "start": { "line": 5, "column": 4 },
            "end": { "line": 8, "column": 5 }
          }
        ]
      },
      "3": {
        "type": "branch",
        "line": 10,
        "loc": {
          "start": { "line": 10, "column": 7 },
          "end": { "line": 33, "column": 1 }
        },
        "locations": [
          {
            "start": { "line": 10, "column": 7 },
            "end": { "line": 33, "column": 1 }
          }
        ]
      },
      "4": {
        "type": "branch",
        "line": 12,
        "loc": {
          "start": { "line": 12, "column": 4 },
          "end": { "line": 18, "column": 5 }
        },
        "locations": [
          {
            "start": { "line": 12, "column": 4 },
            "end": { "line": 18, "column": 5 }
          }
        ]
      },
      "5": {
        "type": "branch",
        "line": 12,
        "loc": {
          "start": { "line": 12, "column": 28 },
          "end": { "line": 12, "column": 43 }
        },
        "locations": [
          {
            "start": { "line": 12, "column": 28 },
            "end": { "line": 12, "column": 43 }
          }
        ]
      },
      "6": {
        "type": "branch",
        "line": 14,
        "loc": {
          "start": { "line": 14, "column": 36 },
          "end": { "line": 16, "column": 60 }
        },
        "locations": [
          {
            "start": { "line": 14, "column": 36 },
            "end": { "line": 16, "column": 60 }
          }
        ]
      },
      "7": {
        "type": "branch",
        "line": 15,
        "loc": {
          "start": { "line": 15, "column": 43 },
          "end": { "line": 16, "column": 60 }
        },
        "locations": [
          {
            "start": { "line": 15, "column": 43 },
            "end": { "line": 16, "column": 60 }
          }
        ]
      },
      "8": {
        "type": "branch",
        "line": 16,
        "loc": {
          "start": { "line": 16, "column": 44 },
          "end": { "line": 16, "column": 60 }
        },
        "locations": [
          {
            "start": { "line": 16, "column": 44 },
            "end": { "line": 16, "column": 60 }
          }
        ]
      },
      "9": {
        "type": "branch",
        "line": 19,
        "loc": {
          "start": { "line": 19, "column": 4 },
          "end": { "line": 21, "column": 5 }
        },
        "locations": [
          {
            "start": { "line": 19, "column": 4 },
            "end": { "line": 21, "column": 5 }
          }
        ]
      },
      "10": {
        "type": "branch",
        "line": 22,
        "loc": {
          "start": { "line": 22, "column": 4 },
          "end": { "line": 24, "column": 5 }
        },
        "locations": [
          {
            "start": { "line": 22, "column": 4 },
            "end": { "line": 24, "column": 5 }
          }
        ]
      },
      "11": {
        "type": "branch",
        "line": 23,
        "loc": {
          "start": { "line": 23, "column": 29 },
          "end": { "line": 23, "column": 35 }
        },
        "locations": [
          {
            "start": { "line": 23, "column": 29 },
            "end": { "line": 23, "column": 35 }
          }
        ]
      },
      "12": {
        "type": "branch",
        "line": 26,
        "loc": {
          "start": { "line": 26, "column": 4 },
          "end": { "line": 28, "column": 5 }
        },
        "locations": [
          {
            "start": { "line": 26, "column": 4 },
            "end": { "line": 28, "column": 5 }
          }
        ]
      },
      "13": {
        "type": "branch",
        "line": 29,
        "loc": {
          "start": { "line": 29, "column": 4 },
          "end": { "line": 31, "column": 5 }
        },
        "locations": [
          {
            "start": { "line": 29, "column": 4 },
            "end": { "line": 31, "column": 5 }
          }
        ]
      },
      "14": {
        "type": "branch",
        "line": 30,
        "loc": {
          "start": { "line": 30, "column": 34 },
          "end": { "line": 30, "column": 40 }
        },
        "locations": [
          {
            "start": { "line": 30, "column": 34 },
            "end": { "line": 30, "column": 40 }
          }
        ]
      },
      "15": {
        "type": "branch",
        "line": 35,
        "loc": {
          "start": { "line": 35, "column": 4 },
          "end": { "line": 37, "column": 5 }
        },
        "locations": [
          {
            "start": { "line": 35, "column": 4 },
            "end": { "line": 37, "column": 5 }
          }
        ]
      },
      "16": {
        "type": "branch",
        "line": 35,
        "loc": {
          "start": { "line": 35, "column": 28 },
          "end": { "line": 35, "column": 43 }
        },
        "locations": [
          {
            "start": { "line": 35, "column": 28 },
            "end": { "line": 35, "column": 43 }
          }
        ]
      },
      "17": {
        "type": "branch",
        "line": 36,
        "loc": {
          "start": { "line": 36, "column": 14 },
          "end": { "line": 36, "column": 59 }
        },
        "locations": [
          {
            "start": { "line": 36, "column": 14 },
            "end": { "line": 36, "column": 59 }
          }
        ]
      },
      "18": {
        "type": "branch",
        "line": 36,
        "loc": {
          "start": { "line": 36, "column": 41 },
          "end": { "line": 36, "column": 59 }
        },
        "locations": [
          {
            "start": { "line": 36, "column": 41 },
            "end": { "line": 36, "column": 59 }
          }
        ]
      }
    },
    "b": {
      "0": [1],
      "1": [508],
      "2": [508],
      "3": [32],
      "4": [32],
      "5": [294],
      "6": [770],
      "7": [339],
      "8": [12],
      "9": [652],
      "10": [6],
      "11": [2],
      "12": [508],
      "13": [512],
      "14": [508],
      "15": [14],
      "16": [438],
      "17": [539],
      "18": [377]
    },
    "fnMap": {
      "0": {
        "name": "<instance_members_initializer>",
        "decl": {
          "start": { "line": 2, "column": 0 },
          "end": { "line": 9, "column": 1 }
        },
        "loc": {
          "start": { "line": 2, "column": 0 },
          "end": { "line": 9, "column": 1 }
        },
        "line": 2
      },
      "1": {
        "name": "Keyed",
        "decl": {
          "start": { "line": 5, "column": 4 },
          "end": { "line": 8, "column": 5 }
        },
        "loc": {
          "start": { "line": 5, "column": 4 },
          "end": { "line": 8, "column": 5 }
        },
        "line": 5
      },
      "2": {
        "name": "<instance_members_initializer>",
        "decl": {
          "start": { "line": 10, "column": 7 },
          "end": { "line": 33, "column": 1 }
        },
        "loc": {
          "start": { "line": 10, "column": 7 },
          "end": { "line": 33, "column": 1 }
        },
        "line": 10
      },
      "3": {
        "name": "PriorityQueue",
        "decl": {
          "start": { "line": 12, "column": 4 },
          "end": { "line": 18, "column": 5 }
        },
        "loc": {
          "start": { "line": 12, "column": 4 },
          "end": { "line": 18, "column": 5 }
        },
        "line": 12
      },
      "4": {
        "name": "isOrdered",
        "decl": {
          "start": { "line": 12, "column": 28 },
          "end": { "line": 12, "column": 43 }
        },
        "loc": {
          "start": { "line": 12, "column": 28 },
          "end": { "line": 12, "column": 43 }
        },
        "line": 12
      },
      "5": {
        "name": "get length",
        "decl": {
          "start": { "line": 19, "column": 4 },
          "end": { "line": 21, "column": 5 }
        },
        "loc": {
          "start": { "line": 19, "column": 4 },
          "end": { "line": 21, "column": 5 }
        },
        "line": 19
      },
      "6": {
        "name": "get top",
        "decl": {
          "start": { "line": 22, "column": 4 },
          "end": { "line": 24, "column": 5 }
        },
        "loc": {
          "start": { "line": 22, "column": 4 },
          "end": { "line": 24, "column": 5 }
        },
        "line": 22
      },
      "7": {
        "name": "insert",
        "decl": {
          "start": { "line": 26, "column": 4 },
          "end": { "line": 28, "column": 5 }
        },
        "loc": {
          "start": { "line": 26, "column": 4 },
          "end": { "line": 28, "column": 5 }
        },
        "line": 26
      },
      "8": {
        "name": "remove",
        "decl": {
          "start": { "line": 29, "column": 4 },
          "end": { "line": 31, "column": 5 }
        },
        "loc": {
          "start": { "line": 29, "column": 4 },
          "end": { "line": 31, "column": 5 }
        },
        "line": 29
      },
      "9": {
        "name": "MaxPriorityQueue",
        "decl": {
          "start": { "line": 35, "column": 4 },
          "end": { "line": 37, "column": 5 }
        },
        "loc": {
          "start": { "line": 35, "column": 4 },
          "end": { "line": 37, "column": 5 }
        },
        "line": 35
      },
      "10": {
        "name": "isOrdered",
        "decl": {
          "start": { "line": 35, "column": 28 },
          "end": { "line": 35, "column": 43 }
        },
        "loc": {
          "start": { "line": 35, "column": 28 },
          "end": { "line": 35, "column": 43 }
        },
        "line": 35
      }
    },
    "f": {
      "0": 508,
      "1": 508,
      "2": 32,
      "3": 32,
      "4": 294,
      "5": 652,
      "6": 6,
      "7": 508,
      "8": 512,
      "9": 14,
      "10": 438
    }
  },
  "G:\\@Projects\\@JavaScript\\$lib\\$ds\\binary-heap.js": {
    "path": "G:\\@Projects\\@JavaScript\\$lib\\$ds\\binary-heap.js",
    "all": false,
    "statementMap": {
      "0": {
        "start": { "line": 1, "column": 0 },
        "end": { "line": 1, "column": 25 }
      },
      "1": {
        "start": { "line": 2, "column": 0 },
        "end": { "line": 2, "column": 14 }
      },
      "2": {
        "start": { "line": 3, "column": 0 },
        "end": { "line": 3, "column": 46 }
      },
      "3": {
        "start": { "line": 4, "column": 0 },
        "end": { "line": 4, "column": 35 }
      },
      "4": {
        "start": { "line": 5, "column": 0 },
        "end": { "line": 5, "column": 5 }
      },
      "5": {
        "start": { "line": 6, "column": 0 },
        "end": { "line": 6, "column": 18 }
      },
      "6": {
        "start": { "line": 7, "column": 0 },
        "end": { "line": 7, "column": 32 }
      },
      "7": {
        "start": { "line": 8, "column": 0 },
        "end": { "line": 8, "column": 5 }
      },
      "8": {
        "start": { "line": 9, "column": 0 },
        "end": { "line": 9, "column": 15 }
      },
      "9": {
        "start": { "line": 10, "column": 0 },
        "end": { "line": 10, "column": 37 }
      },
      "10": {
        "start": { "line": 11, "column": 0 },
        "end": { "line": 11, "column": 29 }
      },
      "11": {
        "start": { "line": 12, "column": 0 },
        "end": { "line": 12, "column": 9 }
      },
      "12": {
        "start": { "line": 13, "column": 0 },
        "end": { "line": 13, "column": 28 }
      },
      "13": {
        "start": { "line": 14, "column": 0 },
        "end": { "line": 14, "column": 5 }
      },
      "14": {
        "start": { "line": 15, "column": 0 },
        "end": { "line": 15, "column": 19 }
      },
      "15": {
        "start": { "line": 16, "column": 0 },
        "end": { "line": 16, "column": 30 }
      },
      "16": {
        "start": { "line": 17, "column": 0 },
        "end": { "line": 17, "column": 42 }
      },
      "17": {
        "start": { "line": 18, "column": 0 },
        "end": { "line": 18, "column": 5 }
      },
      "18": {
        "start": { "line": 19, "column": 0 },
        "end": { "line": 19, "column": 14 }
      },
      "19": {
        "start": { "line": 20, "column": 0 },
        "end": { "line": 20, "column": 29 }
      },
      "20": {
        "start": { "line": 21, "column": 0 },
        "end": { "line": 21, "column": 36 }
      },
      "21": {
        "start": { "line": 22, "column": 0 },
        "end": { "line": 22, "column": 35 }
      },
      "22": {
        "start": { "line": 23, "column": 0 },
        "end": { "line": 23, "column": 31 }
      },
      "23": {
        "start": { "line": 24, "column": 0 },
        "end": { "line": 24, "column": 29 }
      },
      "24": {
        "start": { "line": 25, "column": 0 },
        "end": { "line": 25, "column": 9 }
      },
      "25": {
        "start": { "line": 26, "column": 0 },
        "end": { "line": 26, "column": 19 }
      },
      "26": {
        "start": { "line": 27, "column": 0 },
        "end": { "line": 27, "column": 5 }
      },
      "27": {
        "start": { "line": 28, "column": 0 },
        "end": { "line": 28, "column": 30 }
      },
      "28": {
        "start": { "line": 29, "column": 0 },
        "end": { "line": 29, "column": 29 }
      },
      "29": {
        "start": { "line": 30, "column": 0 },
        "end": { "line": 30, "column": 5 }
      },
      "30": {
        "start": { "line": 31, "column": 0 },
        "end": { "line": 31, "column": 27 }
      },
      "31": {
        "start": { "line": 32, "column": 0 },
        "end": { "line": 32, "column": 43 }
      },
      "32": {
        "start": { "line": 33, "column": 0 },
        "end": { "line": 33, "column": 5 }
      },
      "33": {
        "start": { "line": 34, "column": 0 },
        "end": { "line": 34, "column": 31 }
      },
      "34": {
        "start": { "line": 35, "column": 0 },
        "end": { "line": 35, "column": 29 }
      },
      "35": {
        "start": { "line": 36, "column": 0 },
        "end": { "line": 36, "column": 5 }
      },
      "36": {
        "start": { "line": 37, "column": 0 },
        "end": { "line": 37, "column": 21 }
      },
      "37": {
        "start": { "line": 38, "column": 0 },
        "end": { "line": 38, "column": 61 }
      },
      "38": {
        "start": { "line": 39, "column": 0 },
        "end": { "line": 39, "column": 63 }
      },
      "39": {
        "start": { "line": 40, "column": 0 },
        "end": { "line": 40, "column": 33 }
      },
      "40": {
        "start": { "line": 41, "column": 0 },
        "end": { "line": 41, "column": 12 }
      },
      "41": {
        "start": { "line": 42, "column": 0 },
        "end": { "line": 42, "column": 48 }
      },
      "42": {
        "start": { "line": 43, "column": 0 },
        "end": { "line": 43, "column": 78 }
      },
      "43": {
        "start": { "line": 44, "column": 0 },
        "end": { "line": 44, "column": 11 }
      },
      "44": {
        "start": { "line": 45, "column": 0 },
        "end": { "line": 45, "column": 42 }
      },
      "45": {
        "start": { "line": 46, "column": 0 },
        "end": { "line": 46, "column": 9 }
      },
      "46": {
        "start": { "line": 47, "column": 0 },
        "end": { "line": 47, "column": 12 }
      },
      "47": {
        "start": { "line": 48, "column": 0 },
        "end": { "line": 48, "column": 49 }
      },
      "48": {
        "start": { "line": 49, "column": 0 },
        "end": { "line": 49, "column": 79 }
      },
      "49": {
        "start": { "line": 50, "column": 0 },
        "end": { "line": 50, "column": 11 }
      },
      "50": {
        "start": { "line": 51, "column": 0 },
        "end": { "line": 51, "column": 43 }
      },
      "51": {
        "start": { "line": 52, "column": 0 },
        "end": { "line": 52, "column": 9 }
      },
      "52": {
        "start": { "line": 53, "column": 0 },
        "end": { "line": 53, "column": 37 }
      },
      "53": {
        "start": { "line": 54, "column": 0 },
        "end": { "line": 54, "column": 43 }
      },
      "54": {
        "start": { "line": 55, "column": 0 },
        "end": { "line": 55, "column": 40 }
      },
      "55": {
        "start": { "line": 56, "column": 0 },
        "end": { "line": 56, "column": 9 }
      },
      "56": {
        "start": { "line": 57, "column": 0 },
        "end": { "line": 57, "column": 5 }
      },
      "57": {
        "start": { "line": 58, "column": 0 },
        "end": { "line": 58, "column": 19 }
      },
      "58": {
        "start": { "line": 59, "column": 0 },
        "end": { "line": 59, "column": 26 }
      },
      "59": {
        "start": { "line": 60, "column": 0 },
        "end": { "line": 60, "column": 19 }
      },
      "60": {
        "start": { "line": 61, "column": 0 },
        "end": { "line": 61, "column": 9 }
      },
      "61": {
        "start": { "line": 62, "column": 0 },
        "end": { "line": 62, "column": 55 }
      },
      "62": {
        "start": { "line": 63, "column": 0 },
        "end": { "line": 63, "column": 72 }
      },
      "63": {
        "start": { "line": 64, "column": 0 },
        "end": { "line": 64, "column": 42 }
      },
      "64": {
        "start": { "line": 65, "column": 0 },
        "end": { "line": 65, "column": 37 }
      },
      "65": {
        "start": { "line": 66, "column": 0 },
        "end": { "line": 66, "column": 9 }
      },
      "66": {
        "start": { "line": 67, "column": 0 },
        "end": { "line": 67, "column": 5 }
      },
      "67": {
        "start": { "line": 68, "column": 0 },
        "end": { "line": 68, "column": 26 }
      },
      "68": {
        "start": { "line": 69, "column": 0 },
        "end": { "line": 69, "column": 50 }
      },
      "69": {
        "start": { "line": 70, "column": 0 },
        "end": { "line": 70, "column": 30 }
      },
      "70": {
        "start": { "line": 71, "column": 0 },
        "end": { "line": 71, "column": 30 }
      },
      "71": {
        "start": { "line": 72, "column": 0 },
        "end": { "line": 72, "column": 10 }
      },
      "72": {
        "start": { "line": 73, "column": 0 },
        "end": { "line": 73, "column": 5 }
      },
      "73": {
        "start": { "line": 74, "column": 0 },
        "end": { "line": 74, "column": 14 }
      },
      "74": {
        "start": { "line": 75, "column": 0 },
        "end": { "line": 75, "column": 1 }
      },
      "75": {
        "start": { "line": 76, "column": 0 },
        "end": { "line": 76, "column": 47 }
      },
      "76": {
        "start": { "line": 77, "column": 0 },
        "end": { "line": 77, "column": 46 }
      },
      "77": {
        "start": { "line": 78, "column": 0 },
        "end": { "line": 78, "column": 61 }
      },
      "78": {
        "start": { "line": 79, "column": 0 },
        "end": { "line": 79, "column": 5 }
      },
      "79": {
        "start": { "line": 80, "column": 0 },
        "end": { "line": 80, "column": 1 }
      },
      "80": {
        "start": { "line": 81, "column": 0 },
        "end": { "line": 81, "column": 47 }
      },
      "81": {
        "start": { "line": 82, "column": 0 },
        "end": { "line": 82, "column": 1 }
      }
    },
    "s": {
      "0": 2,
      "1": 44,
      "2": 44,
      "3": 44,
      "4": 44,
      "5": 44,
      "6": 958,
      "7": 958,
      "8": 44,
      "9": 760,
      "10": 12,
      "11": 12,
      "12": 748,
      "13": 760,
      "14": 44,
      "15": 746,
      "16": 746,
      "17": 746,
      "18": 44,
      "19": 752,
      "20": 752,
      "21": 752,
      "22": 540,
      "23": 540,
      "24": 540,
      "25": 752,
      "26": 752,
      "27": 44,
      "28": 792,
      "29": 792,
      "30": 44,
      "31": 638,
      "32": 638,
      "33": 44,
      "34": 792,
      "35": 792,
      "36": 44,
      "37": 792,
      "38": 792,
      "39": 792,
      "40": 792,
      "41": 792,
      "42": 340,
      "43": 792,
      "44": 252,
      "45": 252,
      "46": 792,
      "47": 792,
      "48": 152,
      "49": 792,
      "50": 49,
      "51": 49,
      "52": 792,
      "53": 252,
      "54": 252,
      "55": 252,
      "56": 792,
      "57": 44,
      "58": 1042,
      "59": 404,
      "60": 404,
      "61": 638,
      "62": 1042,
      "63": 296,
      "64": 296,
      "65": 296,
      "66": 1042,
      "67": 44,
      "68": 548,
      "69": 548,
      "70": 548,
      "71": 548,
      "72": 548,
      "73": 44,
      "74": 44,
      "75": 2,
      "76": 2,
      "77": 6,
      "78": 6,
      "79": 2,
      "80": 2,
      "81": 2
    },
    "branchMap": {
      "0": {
        "type": "branch",
        "line": 1,
        "loc": {
          "start": { "line": 1, "column": 0 },
          "end": { "line": 82, "column": 1 }
        },
        "locations": [
          {
            "start": { "line": 1, "column": 0 },
            "end": { "line": 82, "column": 1 }
          }
        ]
      },
      "1": {
        "type": "branch",
        "line": 1,
        "loc": {
          "start": { "line": 1, "column": 7 },
          "end": { "line": 75, "column": 1 }
        },
        "locations": [
          {
            "start": { "line": 1, "column": 7 },
            "end": { "line": 75, "column": 1 }
          }
        ]
      },
      "2": {
        "type": "branch",
        "line": 3,
        "loc": {
          "start": { "line": 3, "column": 4 },
          "end": { "line": 5, "column": 5 }
        },
        "locations": [
          {
            "start": { "line": 3, "column": 4 },
            "end": { "line": 5, "column": 5 }
          }
        ]
      },
      "3": {
        "type": "branch",
        "line": 3,
        "loc": {
          "start": { "line": 3, "column": 28 },
          "end": { "line": 3, "column": 43 }
        },
        "locations": [
          {
            "start": { "line": 3, "column": 28 },
            "end": { "line": 3, "column": 43 }
          }
        ]
      },
      "4": {
        "type": "branch",
        "line": 6,
        "loc": {
          "start": { "line": 6, "column": 4 },
          "end": { "line": 8, "column": 5 }
        },
        "locations": [
          {
            "start": { "line": 6, "column": 4 },
            "end": { "line": 8, "column": 5 }
          }
        ]
      },
      "5": {
        "type": "branch",
        "line": 9,
        "loc": {
          "start": { "line": 9, "column": 4 },
          "end": { "line": 14, "column": 5 }
        },
        "locations": [
          {
            "start": { "line": 9, "column": 4 },
            "end": { "line": 14, "column": 5 }
          }
        ]
      },
      "6": {
        "type": "branch",
        "line": 10,
        "loc": {
          "start": { "line": 10, "column": 36 },
          "end": { "line": 12, "column": 9 }
        },
        "locations": [
          {
            "start": { "line": 10, "column": 36 },
            "end": { "line": 12, "column": 9 }
          }
        ]
      },
      "7": {
        "type": "branch",
        "line": 13,
        "loc": {
          "start": { "line": 13, "column": -1 },
          "end": { "line": 14, "column": 4 }
        },
        "locations": [
          {
            "start": { "line": 13, "column": -1 },
            "end": { "line": 14, "column": 4 }
          }
        ]
      },
      "8": {
        "type": "branch",
        "line": 15,
        "loc": {
          "start": { "line": 15, "column": 4 },
          "end": { "line": 18, "column": 5 }
        },
        "locations": [
          {
            "start": { "line": 15, "column": 4 },
            "end": { "line": 18, "column": 5 }
          }
        ]
      },
      "9": {
        "type": "branch",
        "line": 19,
        "loc": {
          "start": { "line": 19, "column": 4 },
          "end": { "line": 27, "column": 5 }
        },
        "locations": [
          {
            "start": { "line": 19, "column": 4 },
            "end": { "line": 27, "column": 5 }
          }
        ]
      },
      "10": {
        "type": "branch",
        "line": 22,
        "loc": {
          "start": { "line": 22, "column": 34 },
          "end": { "line": 25, "column": 9 }
        },
        "locations": [
          {
            "start": { "line": 22, "column": 34 },
            "end": { "line": 25, "column": 9 }
          }
        ]
      },
      "11": {
        "type": "branch",
        "line": 28,
        "loc": {
          "start": { "line": 28, "column": 4 },
          "end": { "line": 30, "column": 5 }
        },
        "locations": [
          {
            "start": { "line": 28, "column": 4 },
            "end": { "line": 30, "column": 5 }
          }
        ]
      },
      "12": {
        "type": "branch",
        "line": 31,
        "loc": {
          "start": { "line": 31, "column": 4 },
          "end": { "line": 33, "column": 5 }
        },
        "locations": [
          {
            "start": { "line": 31, "column": 4 },
            "end": { "line": 33, "column": 5 }
          }
        ]
      },
      "13": {
        "type": "branch",
        "line": 34,
        "loc": {
          "start": { "line": 34, "column": 4 },
          "end": { "line": 36, "column": 5 }
        },
        "locations": [
          {
            "start": { "line": 34, "column": 4 },
            "end": { "line": 36, "column": 5 }
          }
        ]
      },
      "14": {
        "type": "branch",
        "line": 37,
        "loc": {
          "start": { "line": 37, "column": 4 },
          "end": { "line": 57, "column": 5 }
        },
        "locations": [
          {
            "start": { "line": 37, "column": 4 },
            "end": { "line": 57, "column": 5 }
          }
        ]
      },
      "15": {
        "type": "branch",
        "line": 42,
        "loc": {
          "start": { "line": 42, "column": 46 },
          "end": { "line": 43, "column": 78 }
        },
        "locations": [
          {
            "start": { "line": 42, "column": 46 },
            "end": { "line": 43, "column": 78 }
          }
        ]
      },
      "16": {
        "type": "branch",
        "line": 44,
        "loc": {
          "start": { "line": 44, "column": 10 },
          "end": { "line": 46, "column": 9 }
        },
        "locations": [
          {
            "start": { "line": 44, "column": 10 },
            "end": { "line": 46, "column": 9 }
          }
        ]
      },
      "17": {
        "type": "branch",
        "line": 48,
        "loc": {
          "start": { "line": 48, "column": 47 },
          "end": { "line": 49, "column": 79 }
        },
        "locations": [
          {
            "start": { "line": 48, "column": 47 },
            "end": { "line": 49, "column": 79 }
          }
        ]
      },
      "18": {
        "type": "branch",
        "line": 50,
        "loc": {
          "start": { "line": 50, "column": 10 },
          "end": { "line": 52, "column": 9 }
        },
        "locations": [
          {
            "start": { "line": 50, "column": 10 },
            "end": { "line": 52, "column": 9 }
          }
        ]
      },
      "19": {
        "type": "branch",
        "line": 53,
        "loc": {
          "start": { "line": 53, "column": 36 },
          "end": { "line": 56, "column": 9 }
        },
        "locations": [
          {
            "start": { "line": 53, "column": 36 },
            "end": { "line": 56, "column": 9 }
          }
        ]
      },
      "20": {
        "type": "branch",
        "line": 58,
        "loc": {
          "start": { "line": 58, "column": 4 },
          "end": { "line": 67, "column": 5 }
        },
        "locations": [
          {
            "start": { "line": 58, "column": 4 },
            "end": { "line": 67, "column": 5 }
          }
        ]
      },
      "21": {
        "type": "branch",
        "line": 59,
        "loc": {
          "start": { "line": 59, "column": 25 },
          "end": { "line": 61, "column": 9 }
        },
        "locations": [
          {
            "start": { "line": 59, "column": 25 },
            "end": { "line": 61, "column": 9 }
          }
        ]
      },
      "22": {
        "type": "branch",
        "line": 62,
        "loc": {
          "start": { "line": 62, "column": -1 },
          "end": { "line": 63, "column": 71 }
        },
        "locations": [
          {
            "start": { "line": 62, "column": -1 },
            "end": { "line": 63, "column": 71 }
          }
        ]
      },
      "23": {
        "type": "branch",
        "line": 63,
        "loc": {
          "start": { "line": 63, "column": 71 },
          "end": { "line": 66, "column": 9 }
        },
        "locations": [
          {
            "start": { "line": 63, "column": 71 },
            "end": { "line": 66, "column": 9 }
          }
        ]
      },
      "24": {
        "type": "branch",
        "line": 68,
        "loc": {
          "start": { "line": 68, "column": 4 },
          "end": { "line": 73, "column": 5 }
        },
        "locations": [
          {
            "start": { "line": 68, "column": 4 },
            "end": { "line": 73, "column": 5 }
          }
        ]
      },
      "25": {
        "type": "branch",
        "line": 77,
        "loc": {
          "start": { "line": 77, "column": 4 },
          "end": { "line": 79, "column": 5 }
        },
        "locations": [
          {
            "start": { "line": 77, "column": 4 },
            "end": { "line": 79, "column": 5 }
          }
        ]
      },
      "26": {
        "type": "branch",
        "line": 77,
        "loc": {
          "start": { "line": 77, "column": 28 },
          "end": { "line": 77, "column": 43 }
        },
        "locations": [
          {
            "start": { "line": 77, "column": 28 },
            "end": { "line": 77, "column": 43 }
          }
        ]
      },
      "27": {
        "type": "branch",
        "line": 78,
        "loc": {
          "start": { "line": 78, "column": 14 },
          "end": { "line": 78, "column": 59 }
        },
        "locations": [
          {
            "start": { "line": 78, "column": 14 },
            "end": { "line": 78, "column": 59 }
          }
        ]
      },
      "28": {
        "type": "branch",
        "line": 78,
        "loc": {
          "start": { "line": 78, "column": 41 },
          "end": { "line": 78, "column": 59 }
        },
        "locations": [
          {
            "start": { "line": 78, "column": 41 },
            "end": { "line": 78, "column": 59 }
          }
        ]
      }
    },
    "b": {
      "0": [2],
      "1": [44],
      "2": [44],
      "3": [180],
      "4": [958],
      "5": [760],
      "6": [12],
      "7": [748],
      "8": [746],
      "9": [752],
      "10": [540],
      "11": [792],
      "12": [638],
      "13": [792],
      "14": [792],
      "15": [340],
      "16": [252],
      "17": [152],
      "18": [49],
      "19": [252],
      "20": [1042],
      "21": [404],
      "22": [638],
      "23": [296],
      "24": [548],
      "25": [6],
      "26": [282],
      "27": [180],
      "28": [102]
    },
    "fnMap": {
      "0": {
        "name": "<instance_members_initializer>",
        "decl": {
          "start": { "line": 1, "column": 7 },
          "end": { "line": 75, "column": 1 }
        },
        "loc": {
          "start": { "line": 1, "column": 7 },
          "end": { "line": 75, "column": 1 }
        },
        "line": 1
      },
      "1": {
        "name": "BinaryHeap",
        "decl": {
          "start": { "line": 3, "column": 4 },
          "end": { "line": 5, "column": 5 }
        },
        "loc": {
          "start": { "line": 3, "column": 4 },
          "end": { "line": 5, "column": 5 }
        },
        "line": 3
      },
      "2": {
        "name": "isOrdered",
        "decl": {
          "start": { "line": 3, "column": 28 },
          "end": { "line": 3, "column": 43 }
        },
        "loc": {
          "start": { "line": 3, "column": 28 },
          "end": { "line": 3, "column": 43 }
        },
        "line": 3
      },
      "3": {
        "name": "get length",
        "decl": {
          "start": { "line": 6, "column": 4 },
          "end": { "line": 8, "column": 5 }
        },
        "loc": {
          "start": { "line": 6, "column": 4 },
          "end": { "line": 8, "column": 5 }
        },
        "line": 6
      },
      "4": {
        "name": "get top",
        "decl": {
          "start": { "line": 9, "column": 4 },
          "end": { "line": 14, "column": 5 }
        },
        "loc": {
          "start": { "line": 9, "column": 4 },
          "end": { "line": 14, "column": 5 }
        },
        "line": 9
      },
      "5": {
        "name": "insert",
        "decl": {
          "start": { "line": 15, "column": 4 },
          "end": { "line": 18, "column": 5 }
        },
        "loc": {
          "start": { "line": 15, "column": 4 },
          "end": { "line": 18, "column": 5 }
        },
        "line": 15
      },
      "6": {
        "name": "remove",
        "decl": {
          "start": { "line": 19, "column": 4 },
          "end": { "line": 27, "column": 5 }
        },
        "loc": {
          "start": { "line": 19, "column": 4 },
          "end": { "line": 27, "column": 5 }
        },
        "line": 19
      },
      "7": {
        "name": "getLeftChildIndex",
        "decl": {
          "start": { "line": 28, "column": 4 },
          "end": { "line": 30, "column": 5 }
        },
        "loc": {
          "start": { "line": 28, "column": 4 },
          "end": { "line": 30, "column": 5 }
        },
        "line": 28
      },
      "8": {
        "name": "getParentIndex",
        "decl": {
          "start": { "line": 31, "column": 4 },
          "end": { "line": 33, "column": 5 }
        },
        "loc": {
          "start": { "line": 31, "column": 4 },
          "end": { "line": 33, "column": 5 }
        },
        "line": 31
      },
      "9": {
        "name": "getRightChildIndex",
        "decl": {
          "start": { "line": 34, "column": 4 },
          "end": { "line": 36, "column": 5 }
        },
        "loc": {
          "start": { "line": 34, "column": 4 },
          "end": { "line": 36, "column": 5 }
        },
        "line": 34
      },
      "10": {
        "name": "siftDown",
        "decl": {
          "start": { "line": 37, "column": 4 },
          "end": { "line": 57, "column": 5 }
        },
        "loc": {
          "start": { "line": 37, "column": 4 },
          "end": { "line": 57, "column": 5 }
        },
        "line": 37
      },
      "11": {
        "name": "siftUp",
        "decl": {
          "start": { "line": 58, "column": 4 },
          "end": { "line": 67, "column": 5 }
        },
        "loc": {
          "start": { "line": 58, "column": 4 },
          "end": { "line": 67, "column": 5 }
        },
        "line": 58
      },
      "12": {
        "name": "swap",
        "decl": {
          "start": { "line": 68, "column": 4 },
          "end": { "line": 73, "column": 5 }
        },
        "loc": {
          "start": { "line": 68, "column": 4 },
          "end": { "line": 73, "column": 5 }
        },
        "line": 68
      },
      "13": {
        "name": "MaxBinaryHeap",
        "decl": {
          "start": { "line": 77, "column": 4 },
          "end": { "line": 79, "column": 5 }
        },
        "loc": {
          "start": { "line": 77, "column": 4 },
          "end": { "line": 79, "column": 5 }
        },
        "line": 77
      },
      "14": {
        "name": "isOrdered",
        "decl": {
          "start": { "line": 77, "column": 28 },
          "end": { "line": 77, "column": 43 }
        },
        "loc": {
          "start": { "line": 77, "column": 28 },
          "end": { "line": 77, "column": 43 }
        },
        "line": 77
      }
    },
    "f": {
      "0": 44,
      "1": 44,
      "2": 180,
      "3": 958,
      "4": 760,
      "5": 746,
      "6": 752,
      "7": 792,
      "8": 638,
      "9": 792,
      "10": 792,
      "11": 1042,
      "12": 548,
      "13": 6,
      "14": 282
    }
  }
}
