TN:
SF:$lib\combinatorics.js
FN:2,nPr
FN:5,nCr
FN:8,nChooseRPermutations
FN:9,incrementIndices
FN:51,nChooseRCombinations
FN:52,incrementIndices
FNF:6
FNH:6
FNDA:18,nPr
FNDA:6,nCr
FNDA:15,nChooseRPermutations
FNDA:265,incrementIndices
FNDA:3,nChooseRCombinations
FNDA:25,incrementIndices
DA:1,3
DA:2,3
DA:3,18
DA:4,18
DA:5,3
DA:6,6
DA:7,6
DA:8,3
DA:9,15
DA:10,265
DA:11,265
DA:12,265
DA:13,265
DA:14,265
DA:15,265
DA:16,265
DA:17,880
DA:18,880
DA:19,682
DA:20,682
DA:21,880
DA:22,880
DA:23,880
DA:24,541
DA:25,541
DA:26,291
DA:27,541
DA:28,250
DA:29,250
DA:30,250
DA:31,880
DA:32,339
DA:33,339
DA:34,339
DA:35,880
DA:36,265
DA:37,15
DA:38,15
DA:39,15
DA:40,15
DA:41,15
DA:42,15
DA:43,265
DA:44,265
DA:45,265
DA:46,265
DA:47,265
DA:48,265
DA:49,265
DA:50,15
DA:51,3
DA:52,3
DA:53,25
DA:54,25
DA:55,25
DA:56,25
DA:57,25
DA:58,25
DA:59,25
DA:60,62
DA:61,62
DA:62,62
DA:63,39
DA:64,39
DA:65,17
DA:66,39
DA:67,22
DA:68,22
DA:69,22
DA:70,62
DA:71,23
DA:72,23
DA:73,23
DA:74,62
DA:75,25
DA:76,3
DA:77,3
DA:78,3
DA:79,3
DA:80,3
DA:81,3
DA:82,25
DA:83,25
DA:84,25
DA:85,25
DA:86,25
DA:87,25
DA:88,25
DA:89,3
LF:89
LH:89
BRDA:1,0,0,3
BRDA:2,1,0,18
BRDA:5,2,0,6
BRDA:8,3,0,15
BRDA:42,4,0,265
BRDA:9,5,0,265
BRDA:16,6,0,880
BRDA:18,7,0,682
BRDA:23,8,0,541
BRDA:25,9,0,291
BRDA:27,10,0,250
BRDA:31,11,0,339
BRDA:45,12,0,909
BRDA:51,13,0,3
BRDA:81,14,0,25
BRDA:52,15,0,25
BRDA:59,16,0,62
BRDA:60,17,0,24
BRDA:60,18,0,38
BRDA:62,19,0,39
BRDA:64,20,0,17
BRDA:66,21,0,22
BRDA:70,22,0,23
BRDA:84,23,0,55
BRF:24
BRH:24
end_of_record
TN:
SF:$lib\$adt\priority-queue.js
FN:2,<instance_members_initializer>
FN:5,Keyed
FN:10,<instance_members_initializer>
FN:12,PriorityQueue
FN:12,isOrdered
FN:19,get length
FN:22,get top
FN:26,insert
FN:29,remove
FN:35,MaxPriorityQueue
FN:35,isOrdered
FNF:11
FNH:11
FNDA:508,<instance_members_initializer>
FNDA:508,Keyed
FNDA:32,<instance_members_initializer>
FNDA:32,PriorityQueue
FNDA:294,isOrdered
FNDA:652,get length
FNDA:6,get top
FNDA:508,insert
FNDA:512,remove
FNDA:14,MaxPriorityQueue
FNDA:438,isOrdered
DA:1,1
DA:2,508
DA:3,508
DA:4,508
DA:5,508
DA:6,508
DA:7,508
DA:8,508
DA:9,508
DA:10,1
DA:11,32
DA:12,32
DA:13,32
DA:14,32
DA:15,770
DA:16,339
DA:17,32
DA:18,32
DA:19,32
DA:20,652
DA:21,652
DA:22,32
DA:23,6
DA:24,6
DA:25,32
DA:26,32
DA:27,508
DA:28,508
DA:29,32
DA:30,512
DA:31,512
DA:32,32
DA:33,32
DA:34,1
DA:35,1
DA:36,14
DA:37,14
DA:38,1
DA:39,1
DA:40,1
LF:40
LH:40
BRDA:1,0,0,1
BRDA:2,1,0,508
BRDA:5,2,0,508
BRDA:10,3,0,32
BRDA:12,4,0,32
BRDA:12,5,0,294
BRDA:14,6,0,770
BRDA:15,7,0,339
BRDA:16,8,0,12
BRDA:19,9,0,652
BRDA:22,10,0,6
BRDA:23,11,0,2
BRDA:26,12,0,508
BRDA:29,13,0,512
BRDA:30,14,0,508
BRDA:35,15,0,14
BRDA:35,16,0,438
BRDA:36,17,0,539
BRDA:36,18,0,377
BRF:19
BRH:19
end_of_record
TN:
SF:$lib\$ds\binary-heap.js
FN:1,<instance_members_initializer>
FN:3,BinaryHeap
FN:3,isOrdered
FN:6,get length
FN:9,get top
FN:15,insert
FN:19,remove
FN:28,getLeftChildIndex
FN:31,getParentIndex
FN:34,getRightChildIndex
FN:37,siftDown
FN:58,siftUp
FN:68,swap
FN:77,MaxBinaryHeap
FN:77,isOrdered
FNF:15
FNH:15
FNDA:44,<instance_members_initializer>
FNDA:44,BinaryHeap
FNDA:180,isOrdered
FNDA:958,get length
FNDA:760,get top
FNDA:746,insert
FNDA:752,remove
FNDA:792,getLeftChildIndex
FNDA:638,getParentIndex
FNDA:792,getRightChildIndex
FNDA:792,siftDown
FNDA:1042,siftUp
FNDA:548,swap
FNDA:6,MaxBinaryHeap
FNDA:282,isOrdered
DA:1,2
DA:2,44
DA:3,44
DA:4,44
DA:5,44
DA:6,44
DA:7,958
DA:8,958
DA:9,44
DA:10,760
DA:11,12
DA:12,12
DA:13,748
DA:14,760
DA:15,44
DA:16,746
DA:17,746
DA:18,746
DA:19,44
DA:20,752
DA:21,752
DA:22,752
DA:23,540
DA:24,540
DA:25,540
DA:26,752
DA:27,752
DA:28,44
DA:29,792
DA:30,792
DA:31,44
DA:32,638
DA:33,638
DA:34,44
DA:35,792
DA:36,792
DA:37,44
DA:38,792
DA:39,792
DA:40,792
DA:41,792
DA:42,792
DA:43,340
DA:44,792
DA:45,252
DA:46,252
DA:47,792
DA:48,792
DA:49,152
DA:50,792
DA:51,49
DA:52,49
DA:53,792
DA:54,252
DA:55,252
DA:56,252
DA:57,792
DA:58,44
DA:59,1042
DA:60,404
DA:61,404
DA:62,638
DA:63,1042
DA:64,296
DA:65,296
DA:66,296
DA:67,1042
DA:68,44
DA:69,548
DA:70,548
DA:71,548
DA:72,548
DA:73,548
DA:74,44
DA:75,44
DA:76,2
DA:77,2
DA:78,6
DA:79,6
DA:80,2
DA:81,2
DA:82,2
LF:82
LH:82
BRDA:1,0,0,2
BRDA:1,1,0,44
BRDA:3,2,0,44
BRDA:3,3,0,180
BRDA:6,4,0,958
BRDA:9,5,0,760
BRDA:10,6,0,12
BRDA:13,7,0,748
BRDA:15,8,0,746
BRDA:19,9,0,752
BRDA:22,10,0,540
BRDA:28,11,0,792
BRDA:31,12,0,638
BRDA:34,13,0,792
BRDA:37,14,0,792
BRDA:42,15,0,340
BRDA:44,16,0,252
BRDA:48,17,0,152
BRDA:50,18,0,49
BRDA:53,19,0,252
BRDA:58,20,0,1042
BRDA:59,21,0,404
BRDA:62,22,0,638
BRDA:63,23,0,296
BRDA:68,24,0,548
BRDA:77,25,0,6
BRDA:77,26,0,282
BRDA:78,27,0,180
BRDA:78,28,0,102
BRF:29
BRH:29
end_of_record
