TN:
SF:$lib\combinatorics.js
FN:2,nPr
FN:5,nCr
FN:8,nChooseRPermutations
FN:9,incrementIndices
FN:51,nChooseRCombinations
FN:52,incrementIndices
FNF:6
FNH:6
FNDA:36,nPr
FNDA:12,nCr
FNDA:30,nChooseRPermutations
FNDA:530,incrementIndices
FNDA:6,nChooseRCombinations
FNDA:50,incrementIndices
DA:1,6
DA:2,6
DA:3,36
DA:4,36
DA:5,6
DA:6,12
DA:7,12
DA:8,6
DA:9,30
DA:10,530
DA:11,530
DA:12,530
DA:13,530
DA:14,530
DA:15,530
DA:16,530
DA:17,1760
DA:18,1760
DA:19,1364
DA:20,1364
DA:21,1760
DA:22,1760
DA:23,1760
DA:24,1082
DA:25,1082
DA:26,582
DA:27,1082
DA:28,500
DA:29,500
DA:30,500
DA:31,1760
DA:32,678
DA:33,678
DA:34,678
DA:35,1760
DA:36,530
DA:37,30
DA:38,30
DA:39,30
DA:40,30
DA:41,30
DA:42,30
DA:43,530
DA:44,530
DA:45,530
DA:46,530
DA:47,530
DA:48,530
DA:49,530
DA:50,30
DA:51,6
DA:52,6
DA:53,50
DA:54,50
DA:55,50
DA:56,50
DA:57,50
DA:58,50
DA:59,50
DA:60,124
DA:61,124
DA:62,124
DA:63,78
DA:64,78
DA:65,34
DA:66,78
DA:67,44
DA:68,44
DA:69,44
DA:70,124
DA:71,46
DA:72,46
DA:73,46
DA:74,124
DA:75,50
DA:76,6
DA:77,6
DA:78,6
DA:79,6
DA:80,6
DA:81,6
DA:82,50
DA:83,50
DA:84,50
DA:85,50
DA:86,50
DA:87,50
DA:88,50
DA:89,6
LF:89
LH:89
BRDA:1,0,0,6
BRDA:2,1,0,36
BRDA:5,2,0,12
BRDA:8,3,0,30
BRDA:42,4,0,530
BRDA:9,5,0,530
BRDA:16,6,0,1760
BRDA:18,7,0,1364
BRDA:23,8,0,1082
BRDA:25,9,0,582
BRDA:27,10,0,500
BRDA:31,11,0,678
BRDA:45,12,0,1818
BRDA:51,13,0,6
BRDA:81,14,0,50
BRDA:52,15,0,50
BRDA:59,16,0,124
BRDA:60,17,0,48
BRDA:60,18,0,76
BRDA:62,19,0,78
BRDA:64,20,0,34
BRDA:66,21,0,44
BRDA:70,22,0,46
BRDA:84,23,0,110
BRF:24
BRH:24
end_of_record
TN:
SF:$lib\$adt\priority-queue.js
FN:2,<instance_members_initializer>
FN:5,Keyed
FN:10,<instance_members_initializer>
FN:12,PriorityQueue
FN:12,isOrdered
FN:16,get length
FN:19,get top
FN:23,insert
FN:26,remove
FN:32,MaxPriorityQueue
FN:32,isOrdered
FNF:11
FNH:11
FNDA:1016,<instance_members_initializer>
FNDA:1016,Keyed
FNDA:64,<instance_members_initializer>
FNDA:64,PriorityQueue
FNDA:588,isOrdered
FNDA:1304,get length
FNDA:12,get top
FNDA:1016,insert
FNDA:1024,remove
FNDA:28,MaxPriorityQueue
FNDA:876,isOrdered
DA:1,2
DA:2,1016
DA:3,1016
DA:4,1016
DA:5,1016
DA:6,1016
DA:7,1016
DA:8,1016
DA:9,1016
DA:10,2
DA:11,64
DA:12,64
DA:13,64
DA:14,64
DA:15,64
DA:16,64
DA:17,1304
DA:18,1304
DA:19,64
DA:20,12
DA:21,12
DA:22,64
DA:23,64
DA:24,1016
DA:25,1016
DA:26,64
DA:27,1024
DA:28,1024
DA:29,64
DA:30,64
DA:31,2
DA:32,2
DA:33,28
DA:34,28
DA:35,2
DA:36,2
LF:36
LH:36
BRDA:1,0,0,2
BRDA:2,1,0,1016
BRDA:5,2,0,1016
BRDA:10,3,0,64
BRDA:12,4,0,64
BRDA:12,5,0,588
BRDA:14,6,0,1540
BRDA:14,7,0,678
BRDA:14,8,0,24
BRDA:16,9,0,1304
BRDA:19,10,0,12
BRDA:20,11,0,4
BRDA:23,12,0,1016
BRDA:26,13,0,1024
BRDA:27,14,0,1016
BRDA:32,15,0,28
BRDA:32,16,0,876
BRDA:33,17,0,1078
BRDA:33,18,0,754
BRF:19
BRH:19
end_of_record
TN:
SF:$lib\$ds\binary-heap.js
FN:1,<instance_members_initializer>
FN:3,BinaryHeap
FN:3,isOrdered
FN:6,get length
FN:9,get top
FN:15,insert
FN:19,remove
FN:28,getLeftChildIndex
FN:31,getParentIndex
FN:34,getRightChildIndex
FN:37,siftDown
FN:52,siftUp
FN:62,swap
FN:68,MaxBinaryHeap
FN:68,isOrdered
FNF:15
FNH:15
FNDA:88,<instance_members_initializer>
FNDA:88,BinaryHeap
FNDA:360,isOrdered
FNDA:1916,get length
FNDA:1520,get top
FNDA:1492,insert
FNDA:1504,remove
FNDA:1584,getLeftChildIndex
FNDA:1276,getParentIndex
FNDA:1584,getRightChildIndex
FNDA:1584,siftDown
FNDA:2084,siftUp
FNDA:1096,swap
FNDA:12,MaxBinaryHeap
FNDA:564,isOrdered
DA:1,4
DA:2,88
DA:3,88
DA:4,88
DA:5,88
DA:6,88
DA:7,1916
DA:8,1916
DA:9,88
DA:10,1520
DA:11,24
DA:12,24
DA:13,1496
DA:14,1520
DA:15,88
DA:16,1492
DA:17,1492
DA:18,1492
DA:19,88
DA:20,1504
DA:21,1504
DA:22,1504
DA:23,1080
DA:24,1080
DA:25,1080
DA:26,1504
DA:27,1504
DA:28,88
DA:29,1584
DA:30,1584
DA:31,88
DA:32,1276
DA:33,1276
DA:34,88
DA:35,1584
DA:36,1584
DA:37,88
DA:38,1584
DA:39,1584
DA:40,1584
DA:41,1584
DA:42,504
DA:43,504
DA:44,1584
DA:45,98
DA:46,98
DA:47,1584
DA:48,504
DA:49,504
DA:50,504
DA:51,1584
DA:52,88
DA:53,2084
DA:54,808
DA:55,808
DA:56,1276
DA:57,2084
DA:58,592
DA:59,592
DA:60,592
DA:61,2084
DA:62,88
DA:63,1096
DA:64,1096
DA:65,88
DA:66,88
DA:67,4
DA:68,4
DA:69,12
DA:70,12
DA:71,4
DA:72,4
LF:72
LH:72
BRDA:1,0,0,4
BRDA:1,1,0,88
BRDA:3,2,0,88
BRDA:3,3,0,360
BRDA:6,4,0,1916
BRDA:9,5,0,1520
BRDA:10,6,0,24
BRDA:13,7,0,1496
BRDA:15,8,0,1492
BRDA:19,9,0,1504
BRDA:22,10,0,1080
BRDA:28,11,0,1584
BRDA:31,12,0,1276
BRDA:34,13,0,1584
BRDA:37,14,0,1584
BRDA:41,15,0,680
BRDA:41,16,0,504
BRDA:44,17,0,304
BRDA:44,18,0,98
BRDA:47,19,0,504
BRDA:52,20,0,2084
BRDA:53,21,0,808
BRDA:56,22,0,1276
BRDA:57,23,0,592
BRDA:62,24,0,1096
BRDA:68,25,0,12
BRDA:68,26,0,564
BRDA:69,27,0,360
BRDA:69,28,0,204
BRF:29
BRH:29
end_of_record
